2023-11-13T09:55:54.222+01:00  INFO 7352 --- [main] c.m.fabricktest.FabrickTestApplication   : Starting FabrickTestApplication using Java 17.0.7 with PID 7352 (C:\fabrick-test\target\classes started by cesare.moiola in C:\fabrick-test)
2023-11-13T09:55:54.226+01:00 DEBUG 7352 --- [main] c.m.fabricktest.FabrickTestApplication   : Running with Spring Boot v3.1.5, Spring v6.0.13
2023-11-13T09:55:54.228+01:00  INFO 7352 --- [main] c.m.fabricktest.FabrickTestApplication   : No active profile set, falling back to 1 default profile: "default"
2023-11-13T09:55:57.262+01:00  INFO 7352 --- [main] o.apache.catalina.core.StandardService   : Starting service [Tomcat]
2023-11-13T09:55:57.263+01:00  INFO 7352 --- [main] o.apache.catalina.core.StandardEngine    : Starting Servlet engine: [Apache Tomcat/10.1.15]
2023-11-13T09:55:57.580+01:00  INFO 7352 --- [main] o.a.c.c.C.[Tomcat].[localhost].[/]       : Initializing Spring embedded WebApplicationContext
2023-11-13T09:55:59.102+01:00  INFO 7352 --- [main] c.m.fabricktest.FabrickTestApplication   : Started FabrickTestApplication in 6.238 seconds (process running for 7.813)
2023-11-13T09:56:13.760+01:00  INFO 7352 --- [http-nio-8080-exec-3] o.a.c.c.C.[Tomcat].[localhost].[/]       : Initializing Spring DispatcherServlet 'dispatcherServlet'
2023-11-13T09:56:13.972+01:00  INFO 7352 --- [http-nio-8080-exec-3] c.m.f.b.BankAccountServiceImpl           : Get balance for account: 14537780
2023-11-13T09:56:13.973+01:00  INFO 7352 --- [http-nio-8080-exec-3] c.m.f.b.BankAccountServiceImpl           : Api request: https://sandbox.platfr.io/api/gbs/banking/v4.0/accounts/14537780/balance
2023-11-13T10:24:27.269+01:00  INFO 18708 --- [main] c.m.f.b.BankAccountControllerTest        : Starting BankAccountControllerTest using Java 17.0.7 with PID 18708 (started by cesare.moiola in C:\fabrick-test)
2023-11-13T10:24:27.274+01:00 DEBUG 18708 --- [main] c.m.f.b.BankAccountControllerTest        : Running with Spring Boot v3.1.5, Spring v6.0.13
2023-11-13T10:24:27.276+01:00  INFO 18708 --- [main] c.m.f.b.BankAccountControllerTest        : No active profile set, falling back to 1 default profile: "default"
2023-11-13T10:24:35.388+01:00  INFO 18708 --- [main] c.m.f.b.BankAccountControllerTest        : Started BankAccountControllerTest in 9.533 seconds (process running for 12.144)
2023-11-13T10:26:47.115+01:00  INFO 11640 --- [main] c.m.f.b.BankAccountControllerTest        : Starting BankAccountControllerTest using Java 17.0.7 with PID 11640 (started by cesare.moiola in C:\fabrick-test)
2023-11-13T10:26:47.117+01:00 DEBUG 11640 --- [main] c.m.f.b.BankAccountControllerTest        : Running with Spring Boot v3.1.5, Spring v6.0.13
2023-11-13T10:26:47.119+01:00  INFO 11640 --- [main] c.m.f.b.BankAccountControllerTest        : No active profile set, falling back to 1 default profile: "default"
2023-11-13T10:26:51.912+01:00  INFO 11640 --- [main] c.m.f.b.BankAccountControllerTest        : Started BankAccountControllerTest in 5.856 seconds (process running for 8.557)
2023-11-13T10:29:14.868+01:00  INFO 8736 --- [main] c.m.f.b.BankAccountControllerTest        : Starting BankAccountControllerTest using Java 17.0.7 with PID 8736 (started by cesare.moiola in C:\fabrick-test)
2023-11-13T10:29:14.871+01:00 DEBUG 8736 --- [main] c.m.f.b.BankAccountControllerTest        : Running with Spring Boot v3.1.5, Spring v6.0.13
2023-11-13T10:29:14.872+01:00  INFO 8736 --- [main] c.m.f.b.BankAccountControllerTest        : No active profile set, falling back to 1 default profile: "default"
2023-11-13T10:29:20.003+01:00  INFO 8736 --- [main] c.m.f.b.BankAccountControllerTest        : Started BankAccountControllerTest in 6.04 seconds (process running for 8.412)
2023-11-13T10:30:15.696+01:00  INFO 8288 --- [main] c.m.f.b.BankAccountControllerTest        : Starting BankAccountControllerTest using Java 17.0.7 with PID 8288 (started by cesare.moiola in C:\fabrick-test)
2023-11-13T10:30:15.698+01:00 DEBUG 8288 --- [main] c.m.f.b.BankAccountControllerTest        : Running with Spring Boot v3.1.5, Spring v6.0.13
2023-11-13T10:30:15.700+01:00  INFO 8288 --- [main] c.m.f.b.BankAccountControllerTest        : No active profile set, falling back to 1 default profile: "default"
2023-11-13T10:30:20.716+01:00  INFO 8288 --- [main] c.m.f.b.BankAccountControllerTest        : Started BankAccountControllerTest in 6.049 seconds (process running for 8.751)
2023-11-13T10:31:24.868+01:00  INFO 18852 --- [main] c.m.f.b.BankAccountControllerTest        : Starting BankAccountControllerTest using Java 17.0.7 with PID 18852 (started by cesare.moiola in C:\fabrick-test)
2023-11-13T10:31:24.870+01:00 DEBUG 18852 --- [main] c.m.f.b.BankAccountControllerTest        : Running with Spring Boot v3.1.5, Spring v6.0.13
2023-11-13T10:31:24.872+01:00  INFO 18852 --- [main] c.m.f.b.BankAccountControllerTest        : No active profile set, falling back to 1 default profile: "default"
2023-11-13T10:31:29.724+01:00  INFO 18852 --- [main] c.m.f.b.BankAccountControllerTest        : Started BankAccountControllerTest in 5.798 seconds (process running for 8.641)
2023-11-13T10:31:48.739+01:00  INFO 16144 --- [main] c.m.f.b.BankAccountControllerTest        : Starting BankAccountControllerTest using Java 17.0.7 with PID 16144 (started by cesare.moiola in C:\fabrick-test)
2023-11-13T10:31:48.741+01:00 DEBUG 16144 --- [main] c.m.f.b.BankAccountControllerTest        : Running with Spring Boot v3.1.5, Spring v6.0.13
2023-11-13T10:31:48.743+01:00  INFO 16144 --- [main] c.m.f.b.BankAccountControllerTest        : No active profile set, falling back to 1 default profile: "default"
2023-11-13T10:31:53.959+01:00  INFO 16144 --- [main] c.m.f.b.BankAccountControllerTest        : Started BankAccountControllerTest in 6.222 seconds (process running for 8.809)
2023-11-13T10:32:55.549+01:00  INFO 1660 --- [main] c.m.f.b.BankAccountControllerTest        : Starting BankAccountControllerTest using Java 17.0.7 with PID 1660 (started by cesare.moiola in C:\fabrick-test)
2023-11-13T10:32:55.553+01:00 DEBUG 1660 --- [main] c.m.f.b.BankAccountControllerTest        : Running with Spring Boot v3.1.5, Spring v6.0.13
2023-11-13T10:32:55.554+01:00  INFO 1660 --- [main] c.m.f.b.BankAccountControllerTest        : No active profile set, falling back to 1 default profile: "default"
2023-11-13T10:33:01.041+01:00  INFO 1660 --- [main] c.m.f.b.BankAccountControllerTest        : Started BankAccountControllerTest in 6.436 seconds (process running for 8.967)
2023-11-13T10:41:29.013+01:00  INFO 7424 --- [main] c.m.f.b.BankAccountControllerTest        : Starting BankAccountControllerTest using Java 17.0.7 with PID 7424 (started by cesare.moiola in C:\fabrick-test)
2023-11-13T10:41:29.015+01:00 DEBUG 7424 --- [main] c.m.f.b.BankAccountControllerTest        : Running with Spring Boot v3.1.5, Spring v6.0.13
2023-11-13T10:41:29.016+01:00  INFO 7424 --- [main] c.m.f.b.BankAccountControllerTest        : No active profile set, falling back to 1 default profile: "default"
2023-11-13T10:41:34.309+01:00  INFO 7424 --- [main] c.m.f.b.BankAccountControllerTest        : Started BankAccountControllerTest in 6.263 seconds (process running for 8.454)
2023-11-13T10:42:17.870+01:00  INFO 13888 --- [main] c.m.f.b.BankAccountControllerTest        : Starting BankAccountControllerTest using Java 17.0.7 with PID 13888 (started by cesare.moiola in C:\fabrick-test)
2023-11-13T10:42:17.872+01:00 DEBUG 13888 --- [main] c.m.f.b.BankAccountControllerTest        : Running with Spring Boot v3.1.5, Spring v6.0.13
2023-11-13T10:42:17.873+01:00  INFO 13888 --- [main] c.m.f.b.BankAccountControllerTest        : No active profile set, falling back to 1 default profile: "default"
2023-11-13T10:42:22.810+01:00  INFO 13888 --- [main] c.m.f.b.BankAccountControllerTest        : Started BankAccountControllerTest in 5.849 seconds (process running for 8.161)
2023-11-13T10:43:23.777+01:00  INFO 3808 --- [main] c.m.f.b.BankAccountControllerTest        : Starting BankAccountControllerTest using Java 17.0.7 with PID 3808 (started by cesare.moiola in C:\fabrick-test)
2023-11-13T10:43:23.782+01:00 DEBUG 3808 --- [main] c.m.f.b.BankAccountControllerTest        : Running with Spring Boot v3.1.5, Spring v6.0.13
2023-11-13T10:43:23.785+01:00  INFO 3808 --- [main] c.m.f.b.BankAccountControllerTest        : No active profile set, falling back to 1 default profile: "default"
2023-11-13T10:43:29.083+01:00  INFO 3808 --- [main] c.m.f.b.BankAccountControllerTest        : Started BankAccountControllerTest in 6.344 seconds (process running for 9.278)
2023-11-13T10:45:37.923+01:00  INFO 15120 --- [main] c.m.f.b.BankAccountControllerTest        : Starting BankAccountControllerTest using Java 17.0.7 with PID 15120 (started by cesare.moiola in C:\fabrick-test)
2023-11-13T10:45:37.928+01:00 DEBUG 15120 --- [main] c.m.f.b.BankAccountControllerTest        : Running with Spring Boot v3.1.5, Spring v6.0.13
2023-11-13T10:45:37.929+01:00  INFO 15120 --- [main] c.m.f.b.BankAccountControllerTest        : No active profile set, falling back to 1 default profile: "default"
2023-11-13T10:45:42.952+01:00  INFO 15120 --- [main] c.m.f.b.BankAccountControllerTest        : Started BankAccountControllerTest in 5.945 seconds (process running for 8.86)
2023-11-13T10:45:43.617+01:00  INFO 15120 --- [main] c.m.f.b.BankAccountController            : Transfer: {"key":"value"}
2023-11-13T12:22:41.728+01:00  INFO 17876 --- [main] c.m.f.b.BankAccountServiceTest           : Starting BankAccountServiceTest using Java 17.0.7 with PID 17876 (started by cesare.moiola in C:\fabrick-test)
2023-11-13T12:22:41.730+01:00 DEBUG 17876 --- [main] c.m.f.b.BankAccountServiceTest           : Running with Spring Boot v3.1.5, Spring v6.0.13
2023-11-13T12:22:41.732+01:00  INFO 17876 --- [main] c.m.f.b.BankAccountServiceTest           : No active profile set, falling back to 1 default profile: "default"
2023-11-13T12:22:45.231+01:00  INFO 17876 --- [main] c.m.f.b.BankAccountServiceTest           : Started BankAccountServiceTest in 4.114 seconds (process running for 7.358)
2023-11-13T12:22:48.275+01:00  INFO 17876 --- [main] c.m.f.b.BankAccountServiceImpl           : Get balance for account: 14537780
2023-11-13T12:22:48.276+01:00  INFO 17876 --- [main] c.m.f.b.BankAccountServiceImpl           : Api request: https://sandbox.platfr.io/api/gbs/banking/v4.0/accounts/14537780/balance
2023-11-13T12:23:18.442+01:00  INFO 14848 --- [main] c.m.f.b.BankAccountServiceTest           : Starting BankAccountServiceTest using Java 17.0.7 with PID 14848 (started by cesare.moiola in C:\fabrick-test)
2023-11-13T12:23:18.445+01:00 DEBUG 14848 --- [main] c.m.f.b.BankAccountServiceTest           : Running with Spring Boot v3.1.5, Spring v6.0.13
2023-11-13T12:23:18.446+01:00  INFO 14848 --- [main] c.m.f.b.BankAccountServiceTest           : No active profile set, falling back to 1 default profile: "default"
2023-11-13T12:23:21.574+01:00  INFO 14848 --- [main] c.m.f.b.BankAccountServiceTest           : Started BankAccountServiceTest in 3.86 seconds (process running for 6.898)
2023-11-13T12:23:24.456+01:00  INFO 14848 --- [main] c.m.f.b.BankAccountServiceImpl           : Get balance for account: 14537780
2023-11-13T12:23:24.457+01:00  INFO 14848 --- [main] c.m.f.b.BankAccountServiceImpl           : Api request: https://sandbox.platfr.io/api/gbs/banking/v4.0/accounts/14537780/balance
2023-11-13T12:26:47.184+01:00  INFO 10024 --- [main] c.m.f.b.BankAccountServiceTest           : Starting BankAccountServiceTest using Java 17.0.7 with PID 10024 (started by cesare.moiola in C:\fabrick-test)
2023-11-13T12:26:47.194+01:00 DEBUG 10024 --- [main] c.m.f.b.BankAccountServiceTest           : Running with Spring Boot v3.1.5, Spring v6.0.13
2023-11-13T12:26:47.198+01:00  INFO 10024 --- [main] c.m.f.b.BankAccountServiceTest           : No active profile set, falling back to 1 default profile: "default"
2023-11-13T12:26:51.393+01:00  INFO 10024 --- [main] c.m.f.b.BankAccountServiceTest           : Started BankAccountServiceTest in 5.168 seconds (process running for 9.171)
2023-11-13T12:26:54.448+01:00  INFO 10024 --- [main] c.m.f.b.BankAccountServiceImpl           : Get balance for account: 14537780
2023-11-13T12:26:54.449+01:00  INFO 10024 --- [main] c.m.f.b.BankAccountServiceImpl           : Api request: https://sandbox.platfr.io/api/gbs/banking/v4.0/accounts/14537780/balance
2023-11-13T12:27:45.338+01:00  INFO 14788 --- [main] c.m.f.b.BankAccountServiceTest           : Starting BankAccountServiceTest using Java 17.0.7 with PID 14788 (started by cesare.moiola in C:\fabrick-test)
2023-11-13T12:27:45.340+01:00 DEBUG 14788 --- [main] c.m.f.b.BankAccountServiceTest           : Running with Spring Boot v3.1.5, Spring v6.0.13
2023-11-13T12:27:45.341+01:00  INFO 14788 --- [main] c.m.f.b.BankAccountServiceTest           : No active profile set, falling back to 1 default profile: "default"
2023-11-13T12:27:50.015+01:00  INFO 14788 --- [main] c.m.f.b.BankAccountServiceTest           : Started BankAccountServiceTest in 5.481 seconds (process running for 8.953)
2023-11-13T12:27:52.838+01:00  INFO 14788 --- [main] c.m.f.b.BankAccountServiceImpl           : Get balance for account: 14537780
2023-11-13T12:27:52.840+01:00  INFO 14788 --- [main] c.m.f.b.BankAccountServiceImpl           : Api request: https://sandbox.platfr.io/api/gbs/banking/v4.0/accounts/14537780/balance
2023-11-13T12:30:13.190+01:00  INFO 9308 --- [main] c.m.f.b.BankAccountServiceTest           : Starting BankAccountServiceTest using Java 17.0.7 with PID 9308 (started by cesare.moiola in C:\fabrick-test)
2023-11-13T12:30:13.192+01:00 DEBUG 9308 --- [main] c.m.f.b.BankAccountServiceTest           : Running with Spring Boot v3.1.5, Spring v6.0.13
2023-11-13T12:30:13.194+01:00  INFO 9308 --- [main] c.m.f.b.BankAccountServiceTest           : No active profile set, falling back to 1 default profile: "default"
2023-11-13T12:30:16.416+01:00  INFO 9308 --- [main] c.m.f.b.BankAccountServiceTest           : Started BankAccountServiceTest in 3.956 seconds (process running for 6.887)
2023-11-13T12:30:19.282+01:00  INFO 9308 --- [main] c.m.f.b.BankAccountServiceImpl           : Get balance for account: 14537780
2023-11-13T12:30:19.285+01:00  INFO 9308 --- [main] c.m.f.b.BankAccountServiceImpl           : Api request: https://sandbox.platfr.io/api/gbs/banking/v4.0/accounts/14537780/balance
2023-11-13T12:31:43.552+01:00  INFO 13944 --- [main] c.m.f.b.BankAccountServiceTest           : Starting BankAccountServiceTest using Java 17.0.7 with PID 13944 (started by cesare.moiola in C:\fabrick-test)
2023-11-13T12:31:43.554+01:00 DEBUG 13944 --- [main] c.m.f.b.BankAccountServiceTest           : Running with Spring Boot v3.1.5, Spring v6.0.13
2023-11-13T12:31:43.558+01:00  INFO 13944 --- [main] c.m.f.b.BankAccountServiceTest           : No active profile set, falling back to 1 default profile: "default"
2023-11-13T12:31:46.997+01:00  INFO 13944 --- [main] c.m.f.b.BankAccountServiceTest           : Started BankAccountServiceTest in 4.162 seconds (process running for 7.646)
2023-11-13T12:31:49.990+01:00  INFO 13944 --- [main] c.m.f.b.BankAccountServiceImpl           : Get balance for account: 14537780
2023-11-13T12:31:49.992+01:00  INFO 13944 --- [main] c.m.f.b.BankAccountServiceImpl           : Api request: https://sandbox.platfr.io/api/gbs/banking/v4.0/accounts/14537780/balance
2023-11-13T12:33:00.564+01:00  INFO 18460 --- [main] c.m.f.b.BankAccountServiceTest           : Starting BankAccountServiceTest using Java 17.0.7 with PID 18460 (started by cesare.moiola in C:\fabrick-test)
2023-11-13T12:33:00.566+01:00 DEBUG 18460 --- [main] c.m.f.b.BankAccountServiceTest           : Running with Spring Boot v3.1.5, Spring v6.0.13
2023-11-13T12:33:00.568+01:00  INFO 18460 --- [main] c.m.f.b.BankAccountServiceTest           : No active profile set, falling back to 1 default profile: "default"
2023-11-13T12:33:03.853+01:00  INFO 18460 --- [main] c.m.f.b.BankAccountServiceTest           : Started BankAccountServiceTest in 4.072 seconds (process running for 7.023)
2023-11-13T12:36:52.494+01:00  INFO 8672 --- [main] c.m.f.b.BankAccountServiceTest           : Starting BankAccountServiceTest using Java 17.0.7 with PID 8672 (started by cesare.moiola in C:\fabrick-test)
2023-11-13T12:36:52.496+01:00 DEBUG 8672 --- [main] c.m.f.b.BankAccountServiceTest           : Running with Spring Boot v3.1.5, Spring v6.0.13
2023-11-13T12:36:52.498+01:00  INFO 8672 --- [main] c.m.f.b.BankAccountServiceTest           : No active profile set, falling back to 1 default profile: "default"
2023-11-13T12:36:57.028+01:00  INFO 8672 --- [main] c.m.f.b.BankAccountServiceTest           : Started BankAccountServiceTest in 5.464 seconds (process running for 10.012)
2023-11-13T12:37:00.661+01:00  INFO 8672 --- [main] c.m.f.b.BankAccountServiceImpl           : Get balance for account: 14537780
2023-11-13T12:37:00.662+01:00  INFO 8672 --- [main] c.m.f.b.BankAccountServiceImpl           : Api request: https://sandbox.platfr.io/api/gbs/banking/v4.0/accounts/14537780/balance
2023-11-13T12:38:38.560+01:00  INFO 17696 --- [main] c.m.f.b.BankAccountServiceTest           : Starting BankAccountServiceTest using Java 17.0.7 with PID 17696 (started by cesare.moiola in C:\fabrick-test)
2023-11-13T12:38:38.562+01:00 DEBUG 17696 --- [main] c.m.f.b.BankAccountServiceTest           : Running with Spring Boot v3.1.5, Spring v6.0.13
2023-11-13T12:38:38.563+01:00  INFO 17696 --- [main] c.m.f.b.BankAccountServiceTest           : No active profile set, falling back to 1 default profile: "default"
2023-11-13T12:38:41.741+01:00  INFO 17696 --- [main] c.m.f.b.BankAccountServiceTest           : Started BankAccountServiceTest in 4.042 seconds (process running for 7.061)
2023-11-13T12:38:44.974+01:00  INFO 17696 --- [main] c.m.f.b.BankAccountServiceImpl           : Get balance for account: 14537780
2023-11-13T12:38:44.975+01:00  INFO 17696 --- [main] c.m.f.b.BankAccountServiceImpl           : Api request: https://sandbox.platfr.io/api/gbs/banking/v4.0/accounts/14537780/balance
2023-11-13T12:40:01.128+01:00  INFO 16308 --- [main] c.m.f.b.BankAccountServiceTest           : Starting BankAccountServiceTest using Java 17.0.7 with PID 16308 (started by cesare.moiola in C:\fabrick-test)
2023-11-13T12:40:01.130+01:00 DEBUG 16308 --- [main] c.m.f.b.BankAccountServiceTest           : Running with Spring Boot v3.1.5, Spring v6.0.13
2023-11-13T12:40:01.132+01:00  INFO 16308 --- [main] c.m.f.b.BankAccountServiceTest           : No active profile set, falling back to 1 default profile: "default"
2023-11-13T12:40:04.877+01:00  INFO 16308 --- [main] c.m.f.b.BankAccountServiceTest           : Started BankAccountServiceTest in 4.573 seconds (process running for 7.82)
2023-11-13T12:40:07.616+01:00  INFO 16308 --- [main] c.m.f.b.BankAccountServiceImpl           : Get balance for account: 14537780
2023-11-13T12:40:07.617+01:00  INFO 16308 --- [main] c.m.f.b.BankAccountServiceImpl           : Api request: https://sandbox.platfr.io/api/gbs/banking/v4.0/accounts/14537780/balance
2023-11-13T12:41:27.445+01:00  INFO 5460 --- [main] c.m.f.b.BankAccountServiceTest           : Starting BankAccountServiceTest using Java 17.0.7 with PID 5460 (started by cesare.moiola in C:\fabrick-test)
2023-11-13T12:41:27.447+01:00 DEBUG 5460 --- [main] c.m.f.b.BankAccountServiceTest           : Running with Spring Boot v3.1.5, Spring v6.0.13
2023-11-13T12:41:27.449+01:00  INFO 5460 --- [main] c.m.f.b.BankAccountServiceTest           : No active profile set, falling back to 1 default profile: "default"
2023-11-13T12:41:30.748+01:00  INFO 5460 --- [main] c.m.f.b.BankAccountServiceTest           : Started BankAccountServiceTest in 3.99 seconds (process running for 7.021)
2023-11-13T12:41:33.468+01:00  INFO 5460 --- [main] c.m.f.b.BankAccountServiceImpl           : Get balance for account: 14537780
2023-11-13T12:41:33.469+01:00  INFO 5460 --- [main] c.m.f.b.BankAccountServiceImpl           : Api request: https://sandbox.platfr.io/api/gbs/banking/v4.0/accounts/14537780/balance
2023-11-13T12:46:52.051+01:00  INFO 17652 --- [main] c.m.f.b.BankAccountServiceTest           : Starting BankAccountServiceTest using Java 17.0.7 with PID 17652 (started by cesare.moiola in C:\fabrick-test)
2023-11-13T12:46:52.053+01:00 DEBUG 17652 --- [main] c.m.f.b.BankAccountServiceTest           : Running with Spring Boot v3.1.5, Spring v6.0.13
2023-11-13T12:46:52.054+01:00  INFO 17652 --- [main] c.m.f.b.BankAccountServiceTest           : No active profile set, falling back to 1 default profile: "default"
2023-11-13T12:46:55.251+01:00  INFO 17652 --- [main] c.m.f.b.BankAccountServiceTest           : Started BankAccountServiceTest in 3.893 seconds (process running for 6.858)
2023-11-13T12:46:58.658+01:00  INFO 17652 --- [main] c.m.f.b.BankAccountServiceImpl           : Get balance for account: 14537780
2023-11-13T12:46:58.659+01:00  INFO 17652 --- [main] c.m.f.b.BankAccountServiceImpl           : Api request: https://sandbox.platfr.io/api/gbs/banking/v4.0/accounts/14537780/balance
2023-11-13T12:50:07.653+01:00  INFO 6628 --- [main] c.m.f.b.BankAccountServiceTest           : Starting BankAccountServiceTest using Java 17.0.7 with PID 6628 (started by cesare.moiola in C:\fabrick-test)
2023-11-13T12:50:07.655+01:00 DEBUG 6628 --- [main] c.m.f.b.BankAccountServiceTest           : Running with Spring Boot v3.1.5, Spring v6.0.13
2023-11-13T12:50:07.656+01:00  INFO 6628 --- [main] c.m.f.b.BankAccountServiceTest           : No active profile set, falling back to 1 default profile: "default"
2023-11-13T12:50:10.801+01:00  INFO 6628 --- [main] c.m.f.b.BankAccountServiceTest           : Started BankAccountServiceTest in 3.921 seconds (process running for 7.075)
2023-11-13T12:50:13.631+01:00  INFO 6628 --- [main] c.m.f.b.BankAccountServiceImpl           : Get balance for account: 14537780
2023-11-13T12:50:13.632+01:00  INFO 6628 --- [main] c.m.f.b.BankAccountServiceImpl           : Api request: https://sandbox.platfr.io/api/gbs/banking/v4.0/accounts/14537780/balance
2023-11-13T12:57:47.160+01:00  INFO 14148 --- [main] c.m.f.b.BankAccountServiceTest           : Starting BankAccountServiceTest using Java 17.0.7 with PID 14148 (started by cesare.moiola in C:\fabrick-test)
2023-11-13T12:57:47.162+01:00 DEBUG 14148 --- [main] c.m.f.b.BankAccountServiceTest           : Running with Spring Boot v3.1.5, Spring v6.0.13
2023-11-13T12:57:47.163+01:00  INFO 14148 --- [main] c.m.f.b.BankAccountServiceTest           : No active profile set, falling back to 1 default profile: "default"
2023-11-13T12:57:50.760+01:00  INFO 14148 --- [main] c.m.f.b.BankAccountServiceTest           : Started BankAccountServiceTest in 4.399 seconds (process running for 7.843)
2023-11-13T12:57:53.930+01:00 ERROR 14148 --- [main] o.s.test.context.TestContextManager      : Caught exception while allowing TestExecutionListener [org.springframework.boot.test.mock.mockito.MockitoTestExecutionListener] to prepare test instance [com.moiola.fabricktest.back_account.BankAccountServiceTest@59a2d756]

org.mockito.exceptions.base.MockitoException: 
Cannot instantiate @InjectMocks field named 'bankAccountService'! Cause: the type 'BankAccountService' is an interface.
You haven't provided the instance at field declaration so I tried to construct the instance.
Examples of correct usage of @InjectMocks:
   @InjectMocks Service service = new Service();
   @InjectMocks Service service;
   //and... don't forget about some @Mocks for injection :)

	at org.springframework.boot.test.mock.mockito.MockitoTestExecutionListener.initMocks(MockitoTestExecutionListener.java:83) ~[spring-boot-test-3.1.5.jar:3.1.5]
	at org.springframework.boot.test.mock.mockito.MockitoTestExecutionListener.prepareTestInstance(MockitoTestExecutionListener.java:60) ~[spring-boot-test-3.1.5.jar:3.1.5]
	at org.springframework.test.context.TestContextManager.prepareTestInstance(TestContextManager.java:241) ~[spring-test-6.0.13.jar:6.0.13]
	at org.springframework.test.context.junit.jupiter.SpringExtension.postProcessTestInstance(SpringExtension.java:138) ~[spring-test-6.0.13.jar:6.0.13]
	at org.junit.jupiter.engine.descriptor.ClassBasedTestDescriptor.lambda$invokeTestInstancePostProcessors$10(ClassBasedTestDescriptor.java:377) ~[junit-jupiter-engine-5.9.3.jar:5.9.3]
	at org.junit.jupiter.engine.descriptor.ClassBasedTestDescriptor.executeAndMaskThrowable(ClassBasedTestDescriptor.java:382) ~[junit-jupiter-engine-5.9.3.jar:5.9.3]
	at org.junit.jupiter.engine.descriptor.ClassBasedTestDescriptor.lambda$invokeTestInstancePostProcessors$11(ClassBasedTestDescriptor.java:377) ~[junit-jupiter-engine-5.9.3.jar:5.9.3]
	at java.base/java.util.stream.ReferencePipeline$3$1.accept(ReferencePipeline.java:197) ~[na:na]
	at java.base/java.util.stream.ReferencePipeline$2$1.accept(ReferencePipeline.java:179) ~[na:na]
	at java.base/java.util.ArrayList$ArrayListSpliterator.forEachRemaining(ArrayList.java:1625) ~[na:na]
	at java.base/java.util.stream.AbstractPipeline.copyInto(AbstractPipeline.java:509) ~[na:na]
	at java.base/java.util.stream.AbstractPipeline.wrapAndCopyInto(AbstractPipeline.java:499) ~[na:na]
	at java.base/java.util.stream.StreamSpliterators$WrappingSpliterator.forEachRemaining(StreamSpliterators.java:310) ~[na:na]
	at java.base/java.util.stream.Streams$ConcatSpliterator.forEachRemaining(Streams.java:735) ~[na:na]
	at java.base/java.util.stream.Streams$ConcatSpliterator.forEachRemaining(Streams.java:734) ~[na:na]
	at java.base/java.util.stream.ReferencePipeline$Head.forEach(ReferencePipeline.java:762) ~[na:na]
	at org.junit.jupiter.engine.descriptor.ClassBasedTestDescriptor.invokeTestInstancePostProcessors(ClassBasedTestDescriptor.java:376) ~[junit-jupiter-engine-5.9.3.jar:5.9.3]
	at org.junit.jupiter.engine.descriptor.ClassBasedTestDescriptor.lambda$instantiateAndPostProcessTestInstance$6(ClassBasedTestDescriptor.java:289) ~[junit-jupiter-engine-5.9.3.jar:5.9.3]
	at org.junit.platform.engine.support.hierarchical.ThrowableCollector.execute(ThrowableCollector.java:73) ~[junit-platform-engine-1.9.3.jar:1.9.3]
	at org.junit.jupiter.engine.descriptor.ClassBasedTestDescriptor.instantiateAndPostProcessTestInstance(ClassBasedTestDescriptor.java:288) ~[junit-jupiter-engine-5.9.3.jar:5.9.3]
	at org.junit.jupiter.engine.descriptor.ClassBasedTestDescriptor.lambda$testInstancesProvider$4(ClassBasedTestDescriptor.java:278) ~[junit-jupiter-engine-5.9.3.jar:5.9.3]
	at java.base/java.util.Optional.orElseGet(Optional.java:364) ~[na:na]
	at org.junit.jupiter.engine.descriptor.ClassBasedTestDescriptor.lambda$testInstancesProvider$5(ClassBasedTestDescriptor.java:277) ~[junit-jupiter-engine-5.9.3.jar:5.9.3]
	at org.junit.jupiter.engine.execution.TestInstancesProvider.getTestInstances(TestInstancesProvider.java:31) ~[junit-jupiter-engine-5.9.3.jar:5.9.3]
	at org.junit.jupiter.engine.descriptor.TestMethodTestDescriptor.lambda$prepare$0(TestMethodTestDescriptor.java:105) ~[junit-jupiter-engine-5.9.3.jar:5.9.3]
	at org.junit.platform.engine.support.hierarchical.ThrowableCollector.execute(ThrowableCollector.java:73) ~[junit-platform-engine-1.9.3.jar:1.9.3]
	at org.junit.jupiter.engine.descriptor.TestMethodTestDescriptor.prepare(TestMethodTestDescriptor.java:104) ~[junit-jupiter-engine-5.9.3.jar:5.9.3]
	at org.junit.jupiter.engine.descriptor.TestMethodTestDescriptor.prepare(TestMethodTestDescriptor.java:68) ~[junit-jupiter-engine-5.9.3.jar:5.9.3]
	at org.junit.platform.engine.support.hierarchical.NodeTestTask.lambda$prepare$2(NodeTestTask.java:123) ~[junit-platform-engine-1.9.3.jar:1.9.3]
	at org.junit.platform.engine.support.hierarchical.ThrowableCollector.execute(ThrowableCollector.java:73) ~[junit-platform-engine-1.9.3.jar:1.9.3]
	at org.junit.platform.engine.support.hierarchical.NodeTestTask.prepare(NodeTestTask.java:123) ~[junit-platform-engine-1.9.3.jar:1.9.3]
	at org.junit.platform.engine.support.hierarchical.NodeTestTask.execute(NodeTestTask.java:90) ~[junit-platform-engine-1.9.3.jar:1.9.3]
	at java.base/java.util.ArrayList.forEach(ArrayList.java:1511) ~[na:na]
	at org.junit.platform.engine.support.hierarchical.SameThreadHierarchicalTestExecutorService.invokeAll(SameThreadHierarchicalTestExecutorService.java:41) ~[junit-platform-engine-1.9.3.jar:1.9.3]
	at org.junit.platform.engine.support.hierarchical.NodeTestTask.lambda$executeRecursively$6(NodeTestTask.java:155) ~[junit-platform-engine-1.9.3.jar:1.9.3]
	at org.junit.platform.engine.support.hierarchical.ThrowableCollector.execute(ThrowableCollector.java:73) ~[junit-platform-engine-1.9.3.jar:1.9.3]
	at org.junit.platform.engine.support.hierarchical.NodeTestTask.lambda$executeRecursively$8(NodeTestTask.java:141) ~[junit-platform-engine-1.9.3.jar:1.9.3]
	at org.junit.platform.engine.support.hierarchical.Node.around(Node.java:137) ~[junit-platform-engine-1.9.3.jar:1.9.3]
	at org.junit.platform.engine.support.hierarchical.NodeTestTask.lambda$executeRecursively$9(NodeTestTask.java:139) ~[junit-platform-engine-1.9.3.jar:1.9.3]
	at org.junit.platform.engine.support.hierarchical.ThrowableCollector.execute(ThrowableCollector.java:73) ~[junit-platform-engine-1.9.3.jar:1.9.3]
	at org.junit.platform.engine.support.hierarchical.NodeTestTask.executeRecursively(NodeTestTask.java:138) ~[junit-platform-engine-1.9.3.jar:1.9.3]
	at org.junit.platform.engine.support.hierarchical.NodeTestTask.execute(NodeTestTask.java:95) ~[junit-platform-engine-1.9.3.jar:1.9.3]
	at java.base/java.util.ArrayList.forEach(ArrayList.java:1511) ~[na:na]
	at org.junit.platform.engine.support.hierarchical.SameThreadHierarchicalTestExecutorService.invokeAll(SameThreadHierarchicalTestExecutorService.java:41) ~[junit-platform-engine-1.9.3.jar:1.9.3]
	at org.junit.platform.engine.support.hierarchical.NodeTestTask.lambda$executeRecursively$6(NodeTestTask.java:155) ~[junit-platform-engine-1.9.3.jar:1.9.3]
	at org.junit.platform.engine.support.hierarchical.ThrowableCollector.execute(ThrowableCollector.java:73) ~[junit-platform-engine-1.9.3.jar:1.9.3]
	at org.junit.platform.engine.support.hierarchical.NodeTestTask.lambda$executeRecursively$8(NodeTestTask.java:141) ~[junit-platform-engine-1.9.3.jar:1.9.3]
	at org.junit.platform.engine.support.hierarchical.Node.around(Node.java:137) ~[junit-platform-engine-1.9.3.jar:1.9.3]
	at org.junit.platform.engine.support.hierarchical.NodeTestTask.lambda$executeRecursively$9(NodeTestTask.java:139) ~[junit-platform-engine-1.9.3.jar:1.9.3]
	at org.junit.platform.engine.support.hierarchical.ThrowableCollector.execute(ThrowableCollector.java:73) ~[junit-platform-engine-1.9.3.jar:1.9.3]
	at org.junit.platform.engine.support.hierarchical.NodeTestTask.executeRecursively(NodeTestTask.java:138) ~[junit-platform-engine-1.9.3.jar:1.9.3]
	at org.junit.platform.engine.support.hierarchical.NodeTestTask.execute(NodeTestTask.java:95) ~[junit-platform-engine-1.9.3.jar:1.9.3]
	at org.junit.platform.engine.support.hierarchical.SameThreadHierarchicalTestExecutorService.submit(SameThreadHierarchicalTestExecutorService.java:35) ~[junit-platform-engine-1.9.3.jar:1.9.3]
	at org.junit.platform.engine.support.hierarchical.HierarchicalTestExecutor.execute(HierarchicalTestExecutor.java:57) ~[junit-platform-engine-1.9.3.jar:1.9.3]
	at org.junit.platform.engine.support.hierarchical.HierarchicalTestEngine.execute(HierarchicalTestEngine.java:54) ~[junit-platform-engine-1.9.3.jar:1.9.3]
	at org.junit.platform.launcher.core.EngineExecutionOrchestrator.execute(EngineExecutionOrchestrator.java:147) ~[junit-platform-launcher-1.9.3.jar:1.9.3]
	at org.junit.platform.launcher.core.EngineExecutionOrchestrator.execute(EngineExecutionOrchestrator.java:127) ~[junit-platform-launcher-1.9.3.jar:1.9.3]
	at org.junit.platform.launcher.core.EngineExecutionOrchestrator.execute(EngineExecutionOrchestrator.java:90) ~[junit-platform-launcher-1.9.3.jar:1.9.3]
	at org.junit.platform.launcher.core.EngineExecutionOrchestrator.lambda$execute$0(EngineExecutionOrchestrator.java:55) ~[junit-platform-launcher-1.9.3.jar:1.9.3]
	at org.junit.platform.launcher.core.EngineExecutionOrchestrator.withInterceptedStreams(EngineExecutionOrchestrator.java:102) ~[junit-platform-launcher-1.9.3.jar:1.9.3]
	at org.junit.platform.launcher.core.EngineExecutionOrchestrator.execute(EngineExecutionOrchestrator.java:54) ~[junit-platform-launcher-1.9.3.jar:1.9.3]
	at org.junit.platform.launcher.core.DefaultLauncher.execute(DefaultLauncher.java:114) ~[junit-platform-launcher-1.9.3.jar:1.9.3]
	at org.junit.platform.launcher.core.DefaultLauncher.execute(DefaultLauncher.java:86) ~[junit-platform-launcher-1.9.3.jar:1.9.3]
	at org.junit.platform.launcher.core.DefaultLauncherSession$DelegatingLauncher.execute(DefaultLauncherSession.java:86) ~[junit-platform-launcher-1.9.3.jar:1.9.3]
	at org.junit.platform.launcher.core.SessionPerRequestLauncher.execute(SessionPerRequestLauncher.java:53) ~[junit-platform-launcher-1.9.3.jar:1.9.3]
	at com.intellij.junit5.JUnit5IdeaTestRunner.startRunnerWithArgs(JUnit5IdeaTestRunner.java:71) ~[junit5-rt.jar:na]
	at com.intellij.rt.junit.IdeaTestRunner$Repeater.startRunnerWithArgs(IdeaTestRunner.java:33) ~[junit-rt.jar:na]
	at com.intellij.rt.junit.JUnitStarter.prepareStreamsAndStart(JUnitStarter.java:235) ~[junit-rt.jar:na]
	at com.intellij.rt.junit.JUnitStarter.main(JUnitStarter.java:54) ~[junit-rt.jar:na]

2023-11-13T12:58:21.461+01:00  INFO 12368 --- [main] c.m.f.b.BankAccountServiceTest           : Starting BankAccountServiceTest using Java 17.0.7 with PID 12368 (started by cesare.moiola in C:\fabrick-test)
2023-11-13T12:58:21.464+01:00 DEBUG 12368 --- [main] c.m.f.b.BankAccountServiceTest           : Running with Spring Boot v3.1.5, Spring v6.0.13
2023-11-13T12:58:21.466+01:00  INFO 12368 --- [main] c.m.f.b.BankAccountServiceTest           : No active profile set, falling back to 1 default profile: "default"
2023-11-13T12:58:24.720+01:00  INFO 12368 --- [main] c.m.f.b.BankAccountServiceTest           : Started BankAccountServiceTest in 4.039 seconds (process running for 6.878)
2023-11-13T12:58:27.771+01:00  INFO 12368 --- [main] c.m.f.b.BankAccountServiceImpl           : Get balance for account: 14537780
2023-11-13T12:58:27.772+01:00  INFO 12368 --- [main] c.m.f.b.BankAccountServiceImpl           : Api request: https://sandbox.platfr.io/api/gbs/banking/v4.0/accounts/14537780/balance
2023-11-13T12:59:13.286+01:00  INFO 11020 --- [main] c.m.f.b.BankAccountServiceTest           : Starting BankAccountServiceTest using Java 17.0.7 with PID 11020 (started by cesare.moiola in C:\fabrick-test)
2023-11-13T12:59:13.288+01:00 DEBUG 11020 --- [main] c.m.f.b.BankAccountServiceTest           : Running with Spring Boot v3.1.5, Spring v6.0.13
2023-11-13T12:59:13.290+01:00  INFO 11020 --- [main] c.m.f.b.BankAccountServiceTest           : No active profile set, falling back to 1 default profile: "default"
2023-11-13T12:59:16.660+01:00  INFO 11020 --- [main] c.m.f.b.BankAccountServiceTest           : Started BankAccountServiceTest in 4.019 seconds (process running for 6.976)
2023-11-13T13:00:36.149+01:00  INFO 12976 --- [main] c.m.f.b.BankAccountServiceTest           : Starting BankAccountServiceTest using Java 17.0.7 with PID 12976 (started by cesare.moiola in C:\fabrick-test)
2023-11-13T13:00:36.151+01:00 DEBUG 12976 --- [main] c.m.f.b.BankAccountServiceTest           : Running with Spring Boot v3.1.5, Spring v6.0.13
2023-11-13T13:00:36.153+01:00  INFO 12976 --- [main] c.m.f.b.BankAccountServiceTest           : No active profile set, falling back to 1 default profile: "default"
2023-11-13T13:00:39.340+01:00  INFO 12976 --- [main] c.m.f.b.BankAccountServiceTest           : Started BankAccountServiceTest in 3.955 seconds (process running for 6.778)
2023-11-13T13:00:42.237+01:00  INFO 12976 --- [main] c.m.f.b.BankAccountServiceImpl           : Get balance for account: 14537780
2023-11-13T13:00:42.238+01:00  INFO 12976 --- [main] c.m.f.b.BankAccountServiceImpl           : Api request: https://sandbox.platfr.io/api/gbs/banking/v4.0/accounts/14537780/balance
2023-11-13T13:02:54.355+01:00  INFO 17964 --- [main] c.m.f.b.BankAccountServiceTest           : Starting BankAccountServiceTest using Java 17.0.7 with PID 17964 (started by cesare.moiola in C:\fabrick-test)
2023-11-13T13:02:54.357+01:00 DEBUG 17964 --- [main] c.m.f.b.BankAccountServiceTest           : Running with Spring Boot v3.1.5, Spring v6.0.13
2023-11-13T13:02:54.358+01:00  INFO 17964 --- [main] c.m.f.b.BankAccountServiceTest           : No active profile set, falling back to 1 default profile: "default"
2023-11-13T13:02:57.559+01:00  INFO 17964 --- [main] c.m.f.b.BankAccountServiceTest           : Started BankAccountServiceTest in 3.898 seconds (process running for 6.909)
2023-11-13T13:03:00.644+01:00  INFO 17964 --- [main] c.m.f.b.BankAccountServiceImpl           : Get balance for account: 14537780
2023-11-13T13:03:00.646+01:00  INFO 17964 --- [main] c.m.f.b.BankAccountServiceImpl           : Api request: https://sandbox.platfr.io/api/gbs/banking/v4.0/accounts/14537780/balance
2023-11-13T13:04:05.119+01:00  INFO 8084 --- [main] c.m.f.b.BankAccountServiceTest           : Starting BankAccountServiceTest using Java 17.0.7 with PID 8084 (started by cesare.moiola in C:\fabrick-test)
2023-11-13T13:04:05.121+01:00 DEBUG 8084 --- [main] c.m.f.b.BankAccountServiceTest           : Running with Spring Boot v3.1.5, Spring v6.0.13
2023-11-13T13:04:05.123+01:00  INFO 8084 --- [main] c.m.f.b.BankAccountServiceTest           : No active profile set, falling back to 1 default profile: "default"
2023-11-13T13:04:08.250+01:00  INFO 8084 --- [main] c.m.f.b.BankAccountServiceTest           : Started BankAccountServiceTest in 3.809 seconds (process running for 6.913)
2023-11-13T13:04:11.386+01:00  INFO 8084 --- [main] c.m.f.b.BankAccountServiceImpl           : Get balance for account: 14537780
2023-11-13T13:04:11.388+01:00  INFO 8084 --- [main] c.m.f.b.BankAccountServiceImpl           : Api request: https://sandbox.platfr.io/api/gbs/banking/v4.0/accounts/14537780/balance
2023-11-13T13:18:47.372+01:00  INFO 8380 --- [main] c.m.f.b.BankAccountServiceTest           : Starting BankAccountServiceTest using Java 17.0.7 with PID 8380 (started by cesare.moiola in C:\fabrick-test)
2023-11-13T13:18:47.374+01:00 DEBUG 8380 --- [main] c.m.f.b.BankAccountServiceTest           : Running with Spring Boot v3.1.5, Spring v6.0.13
2023-11-13T13:18:47.376+01:00  INFO 8380 --- [main] c.m.f.b.BankAccountServiceTest           : No active profile set, falling back to 1 default profile: "default"
2023-11-13T13:18:50.449+01:00  INFO 8380 --- [main] c.m.f.b.BankAccountServiceTest           : Started BankAccountServiceTest in 3.791 seconds (process running for 6.894)
2023-11-13T13:18:53.473+01:00  INFO 8380 --- [main] c.m.f.b.BankAccountServiceImpl           : Get balance for account: 14537780
2023-11-13T13:18:53.474+01:00  INFO 8380 --- [main] c.m.f.b.BankAccountServiceImpl           : Api request: https://sandbox.platfr.io/api/gbs/banking/v4.0/accounts/14537780/balance
2023-11-13T13:18:53.476+01:00  INFO 8380 --- [main] c.m.f.b.BankAccountServiceImpl           : URL: https://sandbox.platfr.io/api/gbs/banking/v4.0/accounts/14537780/balance
2023-11-13T13:18:53.481+01:00  INFO 8380 --- [main] c.m.f.b.BankAccountServiceImpl           : HttpEntity<[Content-Type:"application/json", Auth-Schema:"S2S", X-Time-Zone:"Europe/Rome", Api-Key:"AAA"]>
2023-11-13T13:21:22.412+01:00  INFO 3416 --- [main] c.m.f.b.BankAccountServiceTest           : Starting BankAccountServiceTest using Java 17.0.7 with PID 3416 (started by cesare.moiola in C:\fabrick-test)
2023-11-13T13:21:22.416+01:00 DEBUG 3416 --- [main] c.m.f.b.BankAccountServiceTest           : Running with Spring Boot v3.1.5, Spring v6.0.13
2023-11-13T13:21:22.418+01:00  INFO 3416 --- [main] c.m.f.b.BankAccountServiceTest           : No active profile set, falling back to 1 default profile: "default"
2023-11-13T13:21:26.152+01:00  INFO 3416 --- [main] c.m.f.b.BankAccountServiceTest           : Started BankAccountServiceTest in 4.72 seconds (process running for 8.293)
2023-11-13T13:21:29.539+01:00  INFO 3416 --- [main] c.m.f.b.BankAccountServiceImpl           : Get balance for account: 14537780
2023-11-13T13:21:29.540+01:00  INFO 3416 --- [main] c.m.f.b.BankAccountServiceImpl           : Api request: https://sandbox.platfr.io/api/gbs/banking/v4.0/accounts/14537780/balance
2023-11-13T13:21:57.316+01:00  INFO 3748 --- [main] c.m.f.b.BankAccountServiceTest           : Starting BankAccountServiceTest using Java 17.0.7 with PID 3748 (started by cesare.moiola in C:\fabrick-test)
2023-11-13T13:21:57.318+01:00 DEBUG 3748 --- [main] c.m.f.b.BankAccountServiceTest           : Running with Spring Boot v3.1.5, Spring v6.0.13
2023-11-13T13:21:57.320+01:00  INFO 3748 --- [main] c.m.f.b.BankAccountServiceTest           : No active profile set, falling back to 1 default profile: "default"
2023-11-13T13:22:02.389+01:00  INFO 3748 --- [main] c.m.f.b.BankAccountServiceTest           : Started BankAccountServiceTest in 5.966 seconds (process running for 9.515)
2023-11-13T13:22:12.050+01:00  INFO 3748 --- [main] c.m.f.b.BankAccountServiceImpl           : Get balance for account: 14537780
2023-11-13T13:22:12.052+01:00  INFO 3748 --- [main] c.m.f.b.BankAccountServiceImpl           : Api request: https://sandbox.platfr.io/api/gbs/banking/v4.0/accounts/14537780/balance
2023-11-13T13:31:32.064+01:00  INFO 3284 --- [main] c.m.f.b.BankAccountServiceTest           : Starting BankAccountServiceTest using Java 17.0.7 with PID 3284 (started by cesare.moiola in C:\fabrick-test)
2023-11-13T13:31:32.068+01:00 DEBUG 3284 --- [main] c.m.f.b.BankAccountServiceTest           : Running with Spring Boot v3.1.5, Spring v6.0.13
2023-11-13T13:31:32.070+01:00  INFO 3284 --- [main] c.m.f.b.BankAccountServiceTest           : No active profile set, falling back to 1 default profile: "default"
2023-11-13T13:31:35.221+01:00  INFO 3284 --- [main] c.m.f.b.BankAccountServiceTest           : Started BankAccountServiceTest in 3.907 seconds (process running for 7.207)
2023-11-13T13:31:38.671+01:00  INFO 3284 --- [main] c.m.f.b.BankAccountServiceImpl           : Get balance for account: 14537780
2023-11-13T13:31:38.675+01:00  INFO 3284 --- [main] c.m.f.b.BankAccountServiceImpl           : Api request: https://sandbox.platfr.io/api/gbs/banking/v4.0/accounts/14537780/balance
2023-11-13T13:32:42.293+01:00  INFO 18320 --- [main] c.m.f.b.BankAccountServiceTest           : Starting BankAccountServiceTest using Java 17.0.7 with PID 18320 (started by cesare.moiola in C:\fabrick-test)
2023-11-13T13:32:42.295+01:00 DEBUG 18320 --- [main] c.m.f.b.BankAccountServiceTest           : Running with Spring Boot v3.1.5, Spring v6.0.13
2023-11-13T13:32:42.297+01:00  INFO 18320 --- [main] c.m.f.b.BankAccountServiceTest           : No active profile set, falling back to 1 default profile: "default"
2023-11-13T13:32:45.479+01:00  INFO 18320 --- [main] c.m.f.b.BankAccountServiceTest           : Started BankAccountServiceTest in 3.903 seconds (process running for 7.181)
2023-11-13T13:32:48.568+01:00  INFO 18320 --- [main] c.m.f.b.BankAccountServiceImpl           : Get balance for account: 14537780
2023-11-13T13:32:48.568+01:00  INFO 18320 --- [main] c.m.f.b.BankAccountServiceImpl           : Api request: https://sandbox.platfr.io/api/gbs/banking/v4.0/accounts/14537780/balance
2023-11-13T13:35:05.032+01:00  INFO 2020 --- [main] c.m.f.b.BankAccountServiceTest           : Starting BankAccountServiceTest using Java 17.0.7 with PID 2020 (started by cesare.moiola in C:\fabrick-test)
2023-11-13T13:35:05.035+01:00 DEBUG 2020 --- [main] c.m.f.b.BankAccountServiceTest           : Running with Spring Boot v3.1.5, Spring v6.0.13
2023-11-13T13:35:05.037+01:00  INFO 2020 --- [main] c.m.f.b.BankAccountServiceTest           : No active profile set, falling back to 1 default profile: "default"
2023-11-13T13:35:08.165+01:00  INFO 2020 --- [main] c.m.f.b.BankAccountServiceTest           : Started BankAccountServiceTest in 3.818 seconds (process running for 7.006)
2023-11-13T13:35:11.436+01:00  INFO 2020 --- [main] c.m.f.b.BankAccountServiceImpl           : Get balance for account: 14537780
2023-11-13T13:35:11.437+01:00  INFO 2020 --- [main] c.m.f.b.BankAccountServiceImpl           : Api request: https://sandbox.platfr.io/api/gbs/banking/v4.0/accounts/14537780/balance
2023-11-13T13:45:05.078+01:00  INFO 13944 --- [main] c.m.f.b.BankAccountServiceTest           : Starting BankAccountServiceTest using Java 17.0.7 with PID 13944 (started by cesare.moiola in C:\fabrick-test)
2023-11-13T13:45:05.081+01:00 DEBUG 13944 --- [main] c.m.f.b.BankAccountServiceTest           : Running with Spring Boot v3.1.5, Spring v6.0.13
2023-11-13T13:45:05.083+01:00  INFO 13944 --- [main] c.m.f.b.BankAccountServiceTest           : No active profile set, falling back to 1 default profile: "default"
2023-11-13T13:45:05.425+01:00  INFO 13944 --- [main] c.m.f.b.BankAccountServiceTest           : Started BankAccountServiceTest in 1.13 seconds (process running for 3.774)
2023-11-13T13:46:07.923+01:00  INFO 16016 --- [main] c.m.f.b.BankAccountServiceTest           : Starting BankAccountServiceTest using Java 17.0.7 with PID 16016 (started by cesare.moiola in C:\fabrick-test)
2023-11-13T13:46:07.926+01:00 DEBUG 16016 --- [main] c.m.f.b.BankAccountServiceTest           : Running with Spring Boot v3.1.5, Spring v6.0.13
2023-11-13T13:46:07.928+01:00  INFO 16016 --- [main] c.m.f.b.BankAccountServiceTest           : No active profile set, falling back to 1 default profile: "default"
2023-11-13T13:46:08.263+01:00  INFO 16016 --- [main] c.m.f.b.BankAccountServiceTest           : Started BankAccountServiceTest in 1.359 seconds (process running for 4.108)
2023-11-13T13:46:11.172+01:00  INFO 16016 --- [main] c.m.f.b.BankAccountServiceImpl           : Get balance for account: 14537780
2023-11-13T13:46:11.173+01:00  INFO 16016 --- [main] c.m.f.b.BankAccountServiceImpl           : Api request: https://sandbox.platfr.io/api/gbs/banking/v4.0/accounts/14537780/balance
2023-11-13T13:48:13.840+01:00  INFO 8900 --- [main] c.m.f.b.BankAccountServiceTest           : Starting BankAccountServiceTest using Java 17.0.7 with PID 8900 (started by cesare.moiola in C:\fabrick-test)
2023-11-13T13:48:13.844+01:00 DEBUG 8900 --- [main] c.m.f.b.BankAccountServiceTest           : Running with Spring Boot v3.1.5, Spring v6.0.13
2023-11-13T13:48:13.845+01:00  INFO 8900 --- [main] c.m.f.b.BankAccountServiceTest           : No active profile set, falling back to 1 default profile: "default"
2023-11-13T13:48:14.441+01:00  INFO 8900 --- [main] c.m.f.b.BankAccountServiceTest           : Started BankAccountServiceTest in 2.096 seconds (process running for 5.068)
2023-11-13T13:48:17.495+01:00  INFO 8900 --- [main] c.m.f.b.BankAccountServiceImpl           : Get balance for account: 14537780
2023-11-13T13:48:17.497+01:00  INFO 8900 --- [main] c.m.f.b.BankAccountServiceImpl           : Api request: https://sandbox.platfr.io/api/gbs/banking/v4.0/accounts/14537780/balance
2023-11-13T13:50:07.126+01:00  INFO 18172 --- [main] c.m.f.b.BankAccountServiceTest           : Starting BankAccountServiceTest using Java 17.0.7 with PID 18172 (started by cesare.moiola in C:\fabrick-test)
2023-11-13T13:50:07.129+01:00 DEBUG 18172 --- [main] c.m.f.b.BankAccountServiceTest           : Running with Spring Boot v3.1.5, Spring v6.0.13
2023-11-13T13:50:07.130+01:00  INFO 18172 --- [main] c.m.f.b.BankAccountServiceTest           : No active profile set, falling back to 1 default profile: "default"
2023-11-13T13:50:07.534+01:00  INFO 18172 --- [main] c.m.f.b.BankAccountServiceTest           : Started BankAccountServiceTest in 1.644 seconds (process running for 5.77)
2023-11-13T13:50:12.061+01:00  INFO 18172 --- [main] c.m.f.b.BankAccountServiceImpl           : Get balance for account: 14537780
2023-11-13T13:50:12.062+01:00  INFO 18172 --- [main] c.m.f.b.BankAccountServiceImpl           : Api request: https://sandbox.platfr.io/api/gbs/banking/v4.0/accounts/14537780/balance
2023-11-13T13:51:17.233+01:00  INFO 17856 --- [main] c.m.f.b.BankAccountServiceTest           : Starting BankAccountServiceTest using Java 17.0.7 with PID 17856 (started by cesare.moiola in C:\fabrick-test)
2023-11-13T13:51:17.237+01:00 DEBUG 17856 --- [main] c.m.f.b.BankAccountServiceTest           : Running with Spring Boot v3.1.5, Spring v6.0.13
2023-11-13T13:51:17.239+01:00  INFO 17856 --- [main] c.m.f.b.BankAccountServiceTest           : No active profile set, falling back to 1 default profile: "default"
2023-11-13T13:51:17.711+01:00  INFO 17856 --- [main] c.m.f.b.BankAccountServiceTest           : Started BankAccountServiceTest in 1.776 seconds (process running for 5.257)
2023-11-13T13:51:23.419+01:00  INFO 17856 --- [main] c.m.f.b.BankAccountServiceImpl           : Get balance for account: 14537780
2023-11-13T13:51:23.420+01:00  INFO 17856 --- [main] c.m.f.b.BankAccountServiceImpl           : Api request: https://sandbox.platfr.io/api/gbs/banking/v4.0/accounts/14537780/balance
2023-11-13T13:52:51.757+01:00  INFO 19236 --- [main] c.m.f.b.BankAccountServiceTest           : Starting BankAccountServiceTest using Java 17.0.7 with PID 19236 (started by cesare.moiola in C:\fabrick-test)
2023-11-13T13:52:51.759+01:00 DEBUG 19236 --- [main] c.m.f.b.BankAccountServiceTest           : Running with Spring Boot v3.1.5, Spring v6.0.13
2023-11-13T13:52:51.761+01:00  INFO 19236 --- [main] c.m.f.b.BankAccountServiceTest           : No active profile set, falling back to 1 default profile: "default"
2023-11-13T13:52:52.083+01:00  INFO 19236 --- [main] c.m.f.b.BankAccountServiceTest           : Started BankAccountServiceTest in 1.13 seconds (process running for 3.718)
2023-11-13T13:52:55.204+01:00  INFO 19236 --- [main] c.m.f.b.BankAccountServiceImpl           : Get balance for account: 14537780
2023-11-13T13:52:55.205+01:00  INFO 19236 --- [main] c.m.f.b.BankAccountServiceImpl           : Api request: https://sandbox.platfr.io/api/gbs/banking/v4.0/accounts/14537780/balance
2023-11-13T13:53:39.570+01:00  INFO 13016 --- [main] c.m.f.b.BankAccountServiceTest           : Starting BankAccountServiceTest using Java 17.0.7 with PID 13016 (started by cesare.moiola in C:\fabrick-test)
2023-11-13T13:53:39.573+01:00 DEBUG 13016 --- [main] c.m.f.b.BankAccountServiceTest           : Running with Spring Boot v3.1.5, Spring v6.0.13
2023-11-13T13:53:39.575+01:00  INFO 13016 --- [main] c.m.f.b.BankAccountServiceTest           : No active profile set, falling back to 1 default profile: "default"
2023-11-13T13:53:39.872+01:00  INFO 13016 --- [main] c.m.f.b.BankAccountServiceTest           : Started BankAccountServiceTest in 1.174 seconds (process running for 3.725)
2023-11-13T13:53:42.852+01:00  INFO 13016 --- [main] c.m.f.b.BankAccountServiceImpl           : Get balance for account: 14537780
2023-11-13T13:53:42.852+01:00  INFO 13016 --- [main] c.m.f.b.BankAccountServiceImpl           : Api request: https://sandbox.platfr.io/api/gbs/banking/v4.0/accounts/14537780/balance
2023-11-13T13:54:15.138+01:00  INFO 17324 --- [main] c.m.f.b.BankAccountServiceTest           : Starting BankAccountServiceTest using Java 17.0.7 with PID 17324 (started by cesare.moiola in C:\fabrick-test)
2023-11-13T13:54:15.153+01:00 DEBUG 17324 --- [main] c.m.f.b.BankAccountServiceTest           : Running with Spring Boot v3.1.5, Spring v6.0.13
2023-11-13T13:54:15.155+01:00  INFO 17324 --- [main] c.m.f.b.BankAccountServiceTest           : No active profile set, falling back to 1 default profile: "default"
2023-11-13T13:54:15.498+01:00  INFO 17324 --- [main] c.m.f.b.BankAccountServiceTest           : Started BankAccountServiceTest in 1.127 seconds (process running for 3.761)
2023-11-13T13:54:18.332+01:00  INFO 17324 --- [main] c.m.f.b.BankAccountServiceImpl           : Get balance for account: 14537780
2023-11-13T13:54:18.333+01:00  INFO 17324 --- [main] c.m.f.b.BankAccountServiceImpl           : Api request: https://sandbox.platfr.io/api/gbs/banking/v4.0/accounts/14537780/balance
2023-11-13T14:02:42.131+01:00  INFO 13592 --- [main] c.m.f.b.BankAccountServiceTest           : Starting BankAccountServiceTest using Java 17.0.7 with PID 13592 (started by cesare.moiola in C:\fabrick-test)
2023-11-13T14:02:42.134+01:00 DEBUG 13592 --- [main] c.m.f.b.BankAccountServiceTest           : Running with Spring Boot v3.1.5, Spring v6.0.13
2023-11-13T14:02:42.136+01:00  INFO 13592 --- [main] c.m.f.b.BankAccountServiceTest           : No active profile set, falling back to 1 default profile: "default"
2023-11-13T14:02:42.409+01:00  INFO 13592 --- [main] c.m.f.b.BankAccountServiceTest           : Started BankAccountServiceTest in 1.038 seconds (process running for 3.82)
2023-11-13T14:02:42.485+01:00 ERROR 13592 --- [main] o.s.test.context.TestContextManager      : Caught exception while allowing TestExecutionListener [org.springframework.test.context.support.DependencyInjectionTestExecutionListener] to prepare test instance [com.moiola.fabricktest.back_account.BankAccountServiceTest@5e9456ae]

org.springframework.beans.factory.UnsatisfiedDependencyException: Error creating bean with name 'com.moiola.fabricktest.back_account.BankAccountServiceTest': Unsatisfied dependency expressed through field 'restTemplate': No qualifying bean of type 'org.springframework.web.client.RestTemplate' available: expected at least 1 bean which qualifies as autowire candidate. Dependency annotations: {@org.springframework.beans.factory.annotation.Autowired(required=true)}
	at org.springframework.beans.factory.annotation.AutowiredAnnotationBeanPostProcessor$AutowiredFieldElement.resolveFieldValue(AutowiredAnnotationBeanPostProcessor.java:767) ~[spring-beans-6.0.13.jar:6.0.13]
	at org.springframework.beans.factory.annotation.AutowiredAnnotationBeanPostProcessor$AutowiredFieldElement.inject(AutowiredAnnotationBeanPostProcessor.java:747) ~[spring-beans-6.0.13.jar:6.0.13]
	at org.springframework.beans.factory.annotation.InjectionMetadata.inject(InjectionMetadata.java:145) ~[spring-beans-6.0.13.jar:6.0.13]
	at org.springframework.beans.factory.annotation.AutowiredAnnotationBeanPostProcessor.postProcessProperties(AutowiredAnnotationBeanPostProcessor.java:492) ~[spring-beans-6.0.13.jar:6.0.13]
	at org.springframework.beans.factory.support.AbstractAutowireCapableBeanFactory.populateBean(AbstractAutowireCapableBeanFactory.java:1416) ~[spring-beans-6.0.13.jar:6.0.13]
	at org.springframework.beans.factory.support.AbstractAutowireCapableBeanFactory.autowireBeanProperties(AbstractAutowireCapableBeanFactory.java:396) ~[spring-beans-6.0.13.jar:6.0.13]
	at org.springframework.test.context.support.DependencyInjectionTestExecutionListener.injectDependencies(DependencyInjectionTestExecutionListener.java:142) ~[spring-test-6.0.13.jar:6.0.13]
	at org.springframework.test.context.support.DependencyInjectionTestExecutionListener.prepareTestInstance(DependencyInjectionTestExecutionListener.java:97) ~[spring-test-6.0.13.jar:6.0.13]
	at org.springframework.test.context.TestContextManager.prepareTestInstance(TestContextManager.java:241) ~[spring-test-6.0.13.jar:6.0.13]
	at org.springframework.test.context.junit.jupiter.SpringExtension.postProcessTestInstance(SpringExtension.java:138) ~[spring-test-6.0.13.jar:6.0.13]
	at org.junit.jupiter.engine.descriptor.ClassBasedTestDescriptor.lambda$invokeTestInstancePostProcessors$10(ClassBasedTestDescriptor.java:377) ~[junit-jupiter-engine-5.9.3.jar:5.9.3]
	at org.junit.jupiter.engine.descriptor.ClassBasedTestDescriptor.executeAndMaskThrowable(ClassBasedTestDescriptor.java:382) ~[junit-jupiter-engine-5.9.3.jar:5.9.3]
	at org.junit.jupiter.engine.descriptor.ClassBasedTestDescriptor.lambda$invokeTestInstancePostProcessors$11(ClassBasedTestDescriptor.java:377) ~[junit-jupiter-engine-5.9.3.jar:5.9.3]
	at java.base/java.util.stream.ReferencePipeline$3$1.accept(ReferencePipeline.java:197) ~[na:na]
	at java.base/java.util.stream.ReferencePipeline$2$1.accept(ReferencePipeline.java:179) ~[na:na]
	at java.base/java.util.ArrayList$ArrayListSpliterator.forEachRemaining(ArrayList.java:1625) ~[na:na]
	at java.base/java.util.stream.AbstractPipeline.copyInto(AbstractPipeline.java:509) ~[na:na]
	at java.base/java.util.stream.AbstractPipeline.wrapAndCopyInto(AbstractPipeline.java:499) ~[na:na]
	at java.base/java.util.stream.StreamSpliterators$WrappingSpliterator.forEachRemaining(StreamSpliterators.java:310) ~[na:na]
	at java.base/java.util.stream.Streams$ConcatSpliterator.forEachRemaining(Streams.java:735) ~[na:na]
	at java.base/java.util.stream.Streams$ConcatSpliterator.forEachRemaining(Streams.java:734) ~[na:na]
	at java.base/java.util.stream.ReferencePipeline$Head.forEach(ReferencePipeline.java:762) ~[na:na]
	at org.junit.jupiter.engine.descriptor.ClassBasedTestDescriptor.invokeTestInstancePostProcessors(ClassBasedTestDescriptor.java:376) ~[junit-jupiter-engine-5.9.3.jar:5.9.3]
	at org.junit.jupiter.engine.descriptor.ClassBasedTestDescriptor.lambda$instantiateAndPostProcessTestInstance$6(ClassBasedTestDescriptor.java:289) ~[junit-jupiter-engine-5.9.3.jar:5.9.3]
	at org.junit.platform.engine.support.hierarchical.ThrowableCollector.execute(ThrowableCollector.java:73) ~[junit-platform-engine-1.9.3.jar:1.9.3]
	at org.junit.jupiter.engine.descriptor.ClassBasedTestDescriptor.instantiateAndPostProcessTestInstance(ClassBasedTestDescriptor.java:288) ~[junit-jupiter-engine-5.9.3.jar:5.9.3]
	at org.junit.jupiter.engine.descriptor.ClassBasedTestDescriptor.lambda$testInstancesProvider$4(ClassBasedTestDescriptor.java:278) ~[junit-jupiter-engine-5.9.3.jar:5.9.3]
	at java.base/java.util.Optional.orElseGet(Optional.java:364) ~[na:na]
	at org.junit.jupiter.engine.descriptor.ClassBasedTestDescriptor.lambda$testInstancesProvider$5(ClassBasedTestDescriptor.java:277) ~[junit-jupiter-engine-5.9.3.jar:5.9.3]
	at org.junit.jupiter.engine.execution.TestInstancesProvider.getTestInstances(TestInstancesProvider.java:31) ~[junit-jupiter-engine-5.9.3.jar:5.9.3]
	at org.junit.jupiter.engine.descriptor.TestMethodTestDescriptor.lambda$prepare$0(TestMethodTestDescriptor.java:105) ~[junit-jupiter-engine-5.9.3.jar:5.9.3]
	at org.junit.platform.engine.support.hierarchical.ThrowableCollector.execute(ThrowableCollector.java:73) ~[junit-platform-engine-1.9.3.jar:1.9.3]
	at org.junit.jupiter.engine.descriptor.TestMethodTestDescriptor.prepare(TestMethodTestDescriptor.java:104) ~[junit-jupiter-engine-5.9.3.jar:5.9.3]
	at org.junit.jupiter.engine.descriptor.TestMethodTestDescriptor.prepare(TestMethodTestDescriptor.java:68) ~[junit-jupiter-engine-5.9.3.jar:5.9.3]
	at org.junit.platform.engine.support.hierarchical.NodeTestTask.lambda$prepare$2(NodeTestTask.java:123) ~[junit-platform-engine-1.9.3.jar:1.9.3]
	at org.junit.platform.engine.support.hierarchical.ThrowableCollector.execute(ThrowableCollector.java:73) ~[junit-platform-engine-1.9.3.jar:1.9.3]
	at org.junit.platform.engine.support.hierarchical.NodeTestTask.prepare(NodeTestTask.java:123) ~[junit-platform-engine-1.9.3.jar:1.9.3]
	at org.junit.platform.engine.support.hierarchical.NodeTestTask.execute(NodeTestTask.java:90) ~[junit-platform-engine-1.9.3.jar:1.9.3]
	at java.base/java.util.ArrayList.forEach(ArrayList.java:1511) ~[na:na]
	at org.junit.platform.engine.support.hierarchical.SameThreadHierarchicalTestExecutorService.invokeAll(SameThreadHierarchicalTestExecutorService.java:41) ~[junit-platform-engine-1.9.3.jar:1.9.3]
	at org.junit.platform.engine.support.hierarchical.NodeTestTask.lambda$executeRecursively$6(NodeTestTask.java:155) ~[junit-platform-engine-1.9.3.jar:1.9.3]
	at org.junit.platform.engine.support.hierarchical.ThrowableCollector.execute(ThrowableCollector.java:73) ~[junit-platform-engine-1.9.3.jar:1.9.3]
	at org.junit.platform.engine.support.hierarchical.NodeTestTask.lambda$executeRecursively$8(NodeTestTask.java:141) ~[junit-platform-engine-1.9.3.jar:1.9.3]
	at org.junit.platform.engine.support.hierarchical.Node.around(Node.java:137) ~[junit-platform-engine-1.9.3.jar:1.9.3]
	at org.junit.platform.engine.support.hierarchical.NodeTestTask.lambda$executeRecursively$9(NodeTestTask.java:139) ~[junit-platform-engine-1.9.3.jar:1.9.3]
	at org.junit.platform.engine.support.hierarchical.ThrowableCollector.execute(ThrowableCollector.java:73) ~[junit-platform-engine-1.9.3.jar:1.9.3]
	at org.junit.platform.engine.support.hierarchical.NodeTestTask.executeRecursively(NodeTestTask.java:138) ~[junit-platform-engine-1.9.3.jar:1.9.3]
	at org.junit.platform.engine.support.hierarchical.NodeTestTask.execute(NodeTestTask.java:95) ~[junit-platform-engine-1.9.3.jar:1.9.3]
	at java.base/java.util.ArrayList.forEach(ArrayList.java:1511) ~[na:na]
	at org.junit.platform.engine.support.hierarchical.SameThreadHierarchicalTestExecutorService.invokeAll(SameThreadHierarchicalTestExecutorService.java:41) ~[junit-platform-engine-1.9.3.jar:1.9.3]
	at org.junit.platform.engine.support.hierarchical.NodeTestTask.lambda$executeRecursively$6(NodeTestTask.java:155) ~[junit-platform-engine-1.9.3.jar:1.9.3]
	at org.junit.platform.engine.support.hierarchical.ThrowableCollector.execute(ThrowableCollector.java:73) ~[junit-platform-engine-1.9.3.jar:1.9.3]
	at org.junit.platform.engine.support.hierarchical.NodeTestTask.lambda$executeRecursively$8(NodeTestTask.java:141) ~[junit-platform-engine-1.9.3.jar:1.9.3]
	at org.junit.platform.engine.support.hierarchical.Node.around(Node.java:137) ~[junit-platform-engine-1.9.3.jar:1.9.3]
	at org.junit.platform.engine.support.hierarchical.NodeTestTask.lambda$executeRecursively$9(NodeTestTask.java:139) ~[junit-platform-engine-1.9.3.jar:1.9.3]
	at org.junit.platform.engine.support.hierarchical.ThrowableCollector.execute(ThrowableCollector.java:73) ~[junit-platform-engine-1.9.3.jar:1.9.3]
	at org.junit.platform.engine.support.hierarchical.NodeTestTask.executeRecursively(NodeTestTask.java:138) ~[junit-platform-engine-1.9.3.jar:1.9.3]
	at org.junit.platform.engine.support.hierarchical.NodeTestTask.execute(NodeTestTask.java:95) ~[junit-platform-engine-1.9.3.jar:1.9.3]
	at org.junit.platform.engine.support.hierarchical.SameThreadHierarchicalTestExecutorService.submit(SameThreadHierarchicalTestExecutorService.java:35) ~[junit-platform-engine-1.9.3.jar:1.9.3]
	at org.junit.platform.engine.support.hierarchical.HierarchicalTestExecutor.execute(HierarchicalTestExecutor.java:57) ~[junit-platform-engine-1.9.3.jar:1.9.3]
	at org.junit.platform.engine.support.hierarchical.HierarchicalTestEngine.execute(HierarchicalTestEngine.java:54) ~[junit-platform-engine-1.9.3.jar:1.9.3]
	at org.junit.platform.launcher.core.EngineExecutionOrchestrator.execute(EngineExecutionOrchestrator.java:147) ~[junit-platform-launcher-1.9.3.jar:1.9.3]
	at org.junit.platform.launcher.core.EngineExecutionOrchestrator.execute(EngineExecutionOrchestrator.java:127) ~[junit-platform-launcher-1.9.3.jar:1.9.3]
	at org.junit.platform.launcher.core.EngineExecutionOrchestrator.execute(EngineExecutionOrchestrator.java:90) ~[junit-platform-launcher-1.9.3.jar:1.9.3]
	at org.junit.platform.launcher.core.EngineExecutionOrchestrator.lambda$execute$0(EngineExecutionOrchestrator.java:55) ~[junit-platform-launcher-1.9.3.jar:1.9.3]
	at org.junit.platform.launcher.core.EngineExecutionOrchestrator.withInterceptedStreams(EngineExecutionOrchestrator.java:102) ~[junit-platform-launcher-1.9.3.jar:1.9.3]
	at org.junit.platform.launcher.core.EngineExecutionOrchestrator.execute(EngineExecutionOrchestrator.java:54) ~[junit-platform-launcher-1.9.3.jar:1.9.3]
	at org.junit.platform.launcher.core.DefaultLauncher.execute(DefaultLauncher.java:114) ~[junit-platform-launcher-1.9.3.jar:1.9.3]
	at org.junit.platform.launcher.core.DefaultLauncher.execute(DefaultLauncher.java:86) ~[junit-platform-launcher-1.9.3.jar:1.9.3]
	at org.junit.platform.launcher.core.DefaultLauncherSession$DelegatingLauncher.execute(DefaultLauncherSession.java:86) ~[junit-platform-launcher-1.9.3.jar:1.9.3]
	at org.junit.platform.launcher.core.SessionPerRequestLauncher.execute(SessionPerRequestLauncher.java:53) ~[junit-platform-launcher-1.9.3.jar:1.9.3]
	at com.intellij.junit5.JUnit5IdeaTestRunner.startRunnerWithArgs(JUnit5IdeaTestRunner.java:71) ~[junit5-rt.jar:na]
	at com.intellij.rt.junit.IdeaTestRunner$Repeater.startRunnerWithArgs(IdeaTestRunner.java:33) ~[junit-rt.jar:na]
	at com.intellij.rt.junit.JUnitStarter.prepareStreamsAndStart(JUnitStarter.java:235) ~[junit-rt.jar:na]
	at com.intellij.rt.junit.JUnitStarter.main(JUnitStarter.java:54) ~[junit-rt.jar:na]
Caused by: org.springframework.beans.factory.NoSuchBeanDefinitionException: No qualifying bean of type 'org.springframework.web.client.RestTemplate' available: expected at least 1 bean which qualifies as autowire candidate. Dependency annotations: {@org.springframework.beans.factory.annotation.Autowired(required=true)}
	at org.springframework.beans.factory.support.DefaultListableBeanFactory.raiseNoMatchingBeanFound(DefaultListableBeanFactory.java:1824) ~[spring-beans-6.0.13.jar:6.0.13]
	at org.springframework.beans.factory.support.DefaultListableBeanFactory.doResolveDependency(DefaultListableBeanFactory.java:1383) ~[spring-beans-6.0.13.jar:6.0.13]
	at org.springframework.beans.factory.support.DefaultListableBeanFactory.resolveDependency(DefaultListableBeanFactory.java:1337) ~[spring-beans-6.0.13.jar:6.0.13]
	at org.springframework.beans.factory.annotation.AutowiredAnnotationBeanPostProcessor$AutowiredFieldElement.resolveFieldValue(AutowiredAnnotationBeanPostProcessor.java:764) ~[spring-beans-6.0.13.jar:6.0.13]
	... 74 common frames omitted

2023-11-13T14:03:38.975+01:00  INFO 14860 --- [main] c.m.f.b.BankAccountServiceTest           : Starting BankAccountServiceTest using Java 17.0.7 with PID 14860 (started by cesare.moiola in C:\fabrick-test)
2023-11-13T14:03:38.978+01:00 DEBUG 14860 --- [main] c.m.f.b.BankAccountServiceTest           : Running with Spring Boot v3.1.5, Spring v6.0.13
2023-11-13T14:03:38.980+01:00  INFO 14860 --- [main] c.m.f.b.BankAccountServiceTest           : No active profile set, falling back to 1 default profile: "default"
2023-11-13T14:03:39.269+01:00  INFO 14860 --- [main] c.m.f.b.BankAccountServiceTest           : Started BankAccountServiceTest in 1.091 seconds (process running for 4.089)
2023-11-13T14:03:39.341+01:00 ERROR 14860 --- [main] o.s.test.context.TestContextManager      : Caught exception while allowing TestExecutionListener [org.springframework.test.context.support.DependencyInjectionTestExecutionListener] to prepare test instance [com.moiola.fabricktest.back_account.BankAccountServiceTest@5e9456ae]

org.springframework.beans.factory.UnsatisfiedDependencyException: Error creating bean with name 'com.moiola.fabricktest.back_account.BankAccountServiceTest': Unsatisfied dependency expressed through field 'restTemplate': No qualifying bean of type 'org.springframework.web.client.RestTemplate' available: expected at least 1 bean which qualifies as autowire candidate. Dependency annotations: {@org.springframework.beans.factory.annotation.Autowired(required=true)}
	at org.springframework.beans.factory.annotation.AutowiredAnnotationBeanPostProcessor$AutowiredFieldElement.resolveFieldValue(AutowiredAnnotationBeanPostProcessor.java:767) ~[spring-beans-6.0.13.jar:6.0.13]
	at org.springframework.beans.factory.annotation.AutowiredAnnotationBeanPostProcessor$AutowiredFieldElement.inject(AutowiredAnnotationBeanPostProcessor.java:747) ~[spring-beans-6.0.13.jar:6.0.13]
	at org.springframework.beans.factory.annotation.InjectionMetadata.inject(InjectionMetadata.java:145) ~[spring-beans-6.0.13.jar:6.0.13]
	at org.springframework.beans.factory.annotation.AutowiredAnnotationBeanPostProcessor.postProcessProperties(AutowiredAnnotationBeanPostProcessor.java:492) ~[spring-beans-6.0.13.jar:6.0.13]
	at org.springframework.beans.factory.support.AbstractAutowireCapableBeanFactory.populateBean(AbstractAutowireCapableBeanFactory.java:1416) ~[spring-beans-6.0.13.jar:6.0.13]
	at org.springframework.beans.factory.support.AbstractAutowireCapableBeanFactory.autowireBeanProperties(AbstractAutowireCapableBeanFactory.java:396) ~[spring-beans-6.0.13.jar:6.0.13]
	at org.springframework.test.context.support.DependencyInjectionTestExecutionListener.injectDependencies(DependencyInjectionTestExecutionListener.java:142) ~[spring-test-6.0.13.jar:6.0.13]
	at org.springframework.test.context.support.DependencyInjectionTestExecutionListener.prepareTestInstance(DependencyInjectionTestExecutionListener.java:97) ~[spring-test-6.0.13.jar:6.0.13]
	at org.springframework.test.context.TestContextManager.prepareTestInstance(TestContextManager.java:241) ~[spring-test-6.0.13.jar:6.0.13]
	at org.springframework.test.context.junit.jupiter.SpringExtension.postProcessTestInstance(SpringExtension.java:138) ~[spring-test-6.0.13.jar:6.0.13]
	at org.junit.jupiter.engine.descriptor.ClassBasedTestDescriptor.lambda$invokeTestInstancePostProcessors$10(ClassBasedTestDescriptor.java:377) ~[junit-jupiter-engine-5.9.3.jar:5.9.3]
	at org.junit.jupiter.engine.descriptor.ClassBasedTestDescriptor.executeAndMaskThrowable(ClassBasedTestDescriptor.java:382) ~[junit-jupiter-engine-5.9.3.jar:5.9.3]
	at org.junit.jupiter.engine.descriptor.ClassBasedTestDescriptor.lambda$invokeTestInstancePostProcessors$11(ClassBasedTestDescriptor.java:377) ~[junit-jupiter-engine-5.9.3.jar:5.9.3]
	at java.base/java.util.stream.ReferencePipeline$3$1.accept(ReferencePipeline.java:197) ~[na:na]
	at java.base/java.util.stream.ReferencePipeline$2$1.accept(ReferencePipeline.java:179) ~[na:na]
	at java.base/java.util.ArrayList$ArrayListSpliterator.forEachRemaining(ArrayList.java:1625) ~[na:na]
	at java.base/java.util.stream.AbstractPipeline.copyInto(AbstractPipeline.java:509) ~[na:na]
	at java.base/java.util.stream.AbstractPipeline.wrapAndCopyInto(AbstractPipeline.java:499) ~[na:na]
	at java.base/java.util.stream.StreamSpliterators$WrappingSpliterator.forEachRemaining(StreamSpliterators.java:310) ~[na:na]
	at java.base/java.util.stream.Streams$ConcatSpliterator.forEachRemaining(Streams.java:735) ~[na:na]
	at java.base/java.util.stream.Streams$ConcatSpliterator.forEachRemaining(Streams.java:734) ~[na:na]
	at java.base/java.util.stream.ReferencePipeline$Head.forEach(ReferencePipeline.java:762) ~[na:na]
	at org.junit.jupiter.engine.descriptor.ClassBasedTestDescriptor.invokeTestInstancePostProcessors(ClassBasedTestDescriptor.java:376) ~[junit-jupiter-engine-5.9.3.jar:5.9.3]
	at org.junit.jupiter.engine.descriptor.ClassBasedTestDescriptor.lambda$instantiateAndPostProcessTestInstance$6(ClassBasedTestDescriptor.java:289) ~[junit-jupiter-engine-5.9.3.jar:5.9.3]
	at org.junit.platform.engine.support.hierarchical.ThrowableCollector.execute(ThrowableCollector.java:73) ~[junit-platform-engine-1.9.3.jar:1.9.3]
	at org.junit.jupiter.engine.descriptor.ClassBasedTestDescriptor.instantiateAndPostProcessTestInstance(ClassBasedTestDescriptor.java:288) ~[junit-jupiter-engine-5.9.3.jar:5.9.3]
	at org.junit.jupiter.engine.descriptor.ClassBasedTestDescriptor.lambda$testInstancesProvider$4(ClassBasedTestDescriptor.java:278) ~[junit-jupiter-engine-5.9.3.jar:5.9.3]
	at java.base/java.util.Optional.orElseGet(Optional.java:364) ~[na:na]
	at org.junit.jupiter.engine.descriptor.ClassBasedTestDescriptor.lambda$testInstancesProvider$5(ClassBasedTestDescriptor.java:277) ~[junit-jupiter-engine-5.9.3.jar:5.9.3]
	at org.junit.jupiter.engine.execution.TestInstancesProvider.getTestInstances(TestInstancesProvider.java:31) ~[junit-jupiter-engine-5.9.3.jar:5.9.3]
	at org.junit.jupiter.engine.descriptor.TestMethodTestDescriptor.lambda$prepare$0(TestMethodTestDescriptor.java:105) ~[junit-jupiter-engine-5.9.3.jar:5.9.3]
	at org.junit.platform.engine.support.hierarchical.ThrowableCollector.execute(ThrowableCollector.java:73) ~[junit-platform-engine-1.9.3.jar:1.9.3]
	at org.junit.jupiter.engine.descriptor.TestMethodTestDescriptor.prepare(TestMethodTestDescriptor.java:104) ~[junit-jupiter-engine-5.9.3.jar:5.9.3]
	at org.junit.jupiter.engine.descriptor.TestMethodTestDescriptor.prepare(TestMethodTestDescriptor.java:68) ~[junit-jupiter-engine-5.9.3.jar:5.9.3]
	at org.junit.platform.engine.support.hierarchical.NodeTestTask.lambda$prepare$2(NodeTestTask.java:123) ~[junit-platform-engine-1.9.3.jar:1.9.3]
	at org.junit.platform.engine.support.hierarchical.ThrowableCollector.execute(ThrowableCollector.java:73) ~[junit-platform-engine-1.9.3.jar:1.9.3]
	at org.junit.platform.engine.support.hierarchical.NodeTestTask.prepare(NodeTestTask.java:123) ~[junit-platform-engine-1.9.3.jar:1.9.3]
	at org.junit.platform.engine.support.hierarchical.NodeTestTask.execute(NodeTestTask.java:90) ~[junit-platform-engine-1.9.3.jar:1.9.3]
	at java.base/java.util.ArrayList.forEach(ArrayList.java:1511) ~[na:na]
	at org.junit.platform.engine.support.hierarchical.SameThreadHierarchicalTestExecutorService.invokeAll(SameThreadHierarchicalTestExecutorService.java:41) ~[junit-platform-engine-1.9.3.jar:1.9.3]
	at org.junit.platform.engine.support.hierarchical.NodeTestTask.lambda$executeRecursively$6(NodeTestTask.java:155) ~[junit-platform-engine-1.9.3.jar:1.9.3]
	at org.junit.platform.engine.support.hierarchical.ThrowableCollector.execute(ThrowableCollector.java:73) ~[junit-platform-engine-1.9.3.jar:1.9.3]
	at org.junit.platform.engine.support.hierarchical.NodeTestTask.lambda$executeRecursively$8(NodeTestTask.java:141) ~[junit-platform-engine-1.9.3.jar:1.9.3]
	at org.junit.platform.engine.support.hierarchical.Node.around(Node.java:137) ~[junit-platform-engine-1.9.3.jar:1.9.3]
	at org.junit.platform.engine.support.hierarchical.NodeTestTask.lambda$executeRecursively$9(NodeTestTask.java:139) ~[junit-platform-engine-1.9.3.jar:1.9.3]
	at org.junit.platform.engine.support.hierarchical.ThrowableCollector.execute(ThrowableCollector.java:73) ~[junit-platform-engine-1.9.3.jar:1.9.3]
	at org.junit.platform.engine.support.hierarchical.NodeTestTask.executeRecursively(NodeTestTask.java:138) ~[junit-platform-engine-1.9.3.jar:1.9.3]
	at org.junit.platform.engine.support.hierarchical.NodeTestTask.execute(NodeTestTask.java:95) ~[junit-platform-engine-1.9.3.jar:1.9.3]
	at java.base/java.util.ArrayList.forEach(ArrayList.java:1511) ~[na:na]
	at org.junit.platform.engine.support.hierarchical.SameThreadHierarchicalTestExecutorService.invokeAll(SameThreadHierarchicalTestExecutorService.java:41) ~[junit-platform-engine-1.9.3.jar:1.9.3]
	at org.junit.platform.engine.support.hierarchical.NodeTestTask.lambda$executeRecursively$6(NodeTestTask.java:155) ~[junit-platform-engine-1.9.3.jar:1.9.3]
	at org.junit.platform.engine.support.hierarchical.ThrowableCollector.execute(ThrowableCollector.java:73) ~[junit-platform-engine-1.9.3.jar:1.9.3]
	at org.junit.platform.engine.support.hierarchical.NodeTestTask.lambda$executeRecursively$8(NodeTestTask.java:141) ~[junit-platform-engine-1.9.3.jar:1.9.3]
	at org.junit.platform.engine.support.hierarchical.Node.around(Node.java:137) ~[junit-platform-engine-1.9.3.jar:1.9.3]
	at org.junit.platform.engine.support.hierarchical.NodeTestTask.lambda$executeRecursively$9(NodeTestTask.java:139) ~[junit-platform-engine-1.9.3.jar:1.9.3]
	at org.junit.platform.engine.support.hierarchical.ThrowableCollector.execute(ThrowableCollector.java:73) ~[junit-platform-engine-1.9.3.jar:1.9.3]
	at org.junit.platform.engine.support.hierarchical.NodeTestTask.executeRecursively(NodeTestTask.java:138) ~[junit-platform-engine-1.9.3.jar:1.9.3]
	at org.junit.platform.engine.support.hierarchical.NodeTestTask.execute(NodeTestTask.java:95) ~[junit-platform-engine-1.9.3.jar:1.9.3]
	at org.junit.platform.engine.support.hierarchical.SameThreadHierarchicalTestExecutorService.submit(SameThreadHierarchicalTestExecutorService.java:35) ~[junit-platform-engine-1.9.3.jar:1.9.3]
	at org.junit.platform.engine.support.hierarchical.HierarchicalTestExecutor.execute(HierarchicalTestExecutor.java:57) ~[junit-platform-engine-1.9.3.jar:1.9.3]
	at org.junit.platform.engine.support.hierarchical.HierarchicalTestEngine.execute(HierarchicalTestEngine.java:54) ~[junit-platform-engine-1.9.3.jar:1.9.3]
	at org.junit.platform.launcher.core.EngineExecutionOrchestrator.execute(EngineExecutionOrchestrator.java:147) ~[junit-platform-launcher-1.9.3.jar:1.9.3]
	at org.junit.platform.launcher.core.EngineExecutionOrchestrator.execute(EngineExecutionOrchestrator.java:127) ~[junit-platform-launcher-1.9.3.jar:1.9.3]
	at org.junit.platform.launcher.core.EngineExecutionOrchestrator.execute(EngineExecutionOrchestrator.java:90) ~[junit-platform-launcher-1.9.3.jar:1.9.3]
	at org.junit.platform.launcher.core.EngineExecutionOrchestrator.lambda$execute$0(EngineExecutionOrchestrator.java:55) ~[junit-platform-launcher-1.9.3.jar:1.9.3]
	at org.junit.platform.launcher.core.EngineExecutionOrchestrator.withInterceptedStreams(EngineExecutionOrchestrator.java:102) ~[junit-platform-launcher-1.9.3.jar:1.9.3]
	at org.junit.platform.launcher.core.EngineExecutionOrchestrator.execute(EngineExecutionOrchestrator.java:54) ~[junit-platform-launcher-1.9.3.jar:1.9.3]
	at org.junit.platform.launcher.core.DefaultLauncher.execute(DefaultLauncher.java:114) ~[junit-platform-launcher-1.9.3.jar:1.9.3]
	at org.junit.platform.launcher.core.DefaultLauncher.execute(DefaultLauncher.java:86) ~[junit-platform-launcher-1.9.3.jar:1.9.3]
	at org.junit.platform.launcher.core.DefaultLauncherSession$DelegatingLauncher.execute(DefaultLauncherSession.java:86) ~[junit-platform-launcher-1.9.3.jar:1.9.3]
	at org.junit.platform.launcher.core.SessionPerRequestLauncher.execute(SessionPerRequestLauncher.java:53) ~[junit-platform-launcher-1.9.3.jar:1.9.3]
	at com.intellij.junit5.JUnit5IdeaTestRunner.startRunnerWithArgs(JUnit5IdeaTestRunner.java:71) ~[junit5-rt.jar:na]
	at com.intellij.rt.junit.IdeaTestRunner$Repeater.startRunnerWithArgs(IdeaTestRunner.java:33) ~[junit-rt.jar:na]
	at com.intellij.rt.junit.JUnitStarter.prepareStreamsAndStart(JUnitStarter.java:235) ~[junit-rt.jar:na]
	at com.intellij.rt.junit.JUnitStarter.main(JUnitStarter.java:54) ~[junit-rt.jar:na]
Caused by: org.springframework.beans.factory.NoSuchBeanDefinitionException: No qualifying bean of type 'org.springframework.web.client.RestTemplate' available: expected at least 1 bean which qualifies as autowire candidate. Dependency annotations: {@org.springframework.beans.factory.annotation.Autowired(required=true)}
	at org.springframework.beans.factory.support.DefaultListableBeanFactory.raiseNoMatchingBeanFound(DefaultListableBeanFactory.java:1824) ~[spring-beans-6.0.13.jar:6.0.13]
	at org.springframework.beans.factory.support.DefaultListableBeanFactory.doResolveDependency(DefaultListableBeanFactory.java:1383) ~[spring-beans-6.0.13.jar:6.0.13]
	at org.springframework.beans.factory.support.DefaultListableBeanFactory.resolveDependency(DefaultListableBeanFactory.java:1337) ~[spring-beans-6.0.13.jar:6.0.13]
	at org.springframework.beans.factory.annotation.AutowiredAnnotationBeanPostProcessor$AutowiredFieldElement.resolveFieldValue(AutowiredAnnotationBeanPostProcessor.java:764) ~[spring-beans-6.0.13.jar:6.0.13]
	... 74 common frames omitted

2023-11-13T14:04:45.259+01:00  INFO 18656 --- [main] c.m.f.b.BankAccountServiceTest           : Starting BankAccountServiceTest using Java 17.0.7 with PID 18656 (started by cesare.moiola in C:\fabrick-test)
2023-11-13T14:04:45.263+01:00 DEBUG 18656 --- [main] c.m.f.b.BankAccountServiceTest           : Running with Spring Boot v3.1.5, Spring v6.0.13
2023-11-13T14:04:45.265+01:00  INFO 18656 --- [main] c.m.f.b.BankAccountServiceTest           : No active profile set, falling back to 1 default profile: "default"
2023-11-13T14:04:45.581+01:00  INFO 18656 --- [main] c.m.f.b.BankAccountServiceTest           : Started BankAccountServiceTest in 1.148 seconds (process running for 4.773)
2023-11-13T14:05:51.783+01:00  INFO 18828 --- [main] c.m.f.b.BankAccountServiceTest           : Starting BankAccountServiceTest using Java 17.0.7 with PID 18828 (started by cesare.moiola in C:\fabrick-test)
2023-11-13T14:05:51.786+01:00 DEBUG 18828 --- [main] c.m.f.b.BankAccountServiceTest           : Running with Spring Boot v3.1.5, Spring v6.0.13
2023-11-13T14:05:51.787+01:00  INFO 18828 --- [main] c.m.f.b.BankAccountServiceTest           : No active profile set, falling back to 1 default profile: "default"
2023-11-13T14:05:52.040+01:00  INFO 18828 --- [main] c.m.f.b.BankAccountServiceTest           : Started BankAccountServiceTest in 0.965 seconds (process running for 4.087)
2023-11-13T14:05:53.996+01:00  INFO 18828 --- [main] c.m.f.b.BankAccountServiceImpl           : Get balance for account: 14537780
2023-11-13T14:05:53.997+01:00  INFO 18828 --- [main] c.m.f.b.BankAccountServiceImpl           : Api request: https://sandbox.platfr.io/api/gbs/banking/v4.0/accounts/14537780/balance
2023-11-13T14:07:09.834+01:00  INFO 4984 --- [main] c.m.f.b.BankAccountServiceTest           : Starting BankAccountServiceTest using Java 17.0.7 with PID 4984 (started by cesare.moiola in C:\fabrick-test)
2023-11-13T14:07:09.838+01:00 DEBUG 4984 --- [main] c.m.f.b.BankAccountServiceTest           : Running with Spring Boot v3.1.5, Spring v6.0.13
2023-11-13T14:07:09.840+01:00  INFO 4984 --- [main] c.m.f.b.BankAccountServiceTest           : No active profile set, falling back to 1 default profile: "default"
2023-11-13T14:07:10.221+01:00  INFO 4984 --- [main] c.m.f.b.BankAccountServiceTest           : Started BankAccountServiceTest in 1.252 seconds (process running for 5.776)
2023-11-13T14:07:12.749+01:00  INFO 4984 --- [main] c.m.f.b.BankAccountServiceImpl           : Get balance for account: 14537780
2023-11-13T14:07:12.749+01:00  INFO 4984 --- [main] c.m.f.b.BankAccountServiceImpl           : Api request: https://sandbox.platfr.io/api/gbs/banking/v4.0/accounts/14537780/balance
2023-11-13T14:08:44.694+01:00  INFO 16668 --- [main] c.m.f.b.BankAccountServiceTest           : Starting BankAccountServiceTest using Java 17.0.7 with PID 16668 (started by cesare.moiola in C:\fabrick-test)
2023-11-13T14:08:44.697+01:00 DEBUG 16668 --- [main] c.m.f.b.BankAccountServiceTest           : Running with Spring Boot v3.1.5, Spring v6.0.13
2023-11-13T14:08:44.698+01:00  INFO 16668 --- [main] c.m.f.b.BankAccountServiceTest           : No active profile set, falling back to 1 default profile: "default"
2023-11-13T14:08:44.966+01:00  INFO 16668 --- [main] c.m.f.b.BankAccountServiceTest           : Started BankAccountServiceTest in 1.004 seconds (process running for 4.004)
2023-11-13T14:08:46.848+01:00  INFO 16668 --- [main] c.m.f.b.BankAccountServiceImpl           : Get balance for account: 14537780
2023-11-13T14:08:46.849+01:00  INFO 16668 --- [main] c.m.f.b.BankAccountServiceImpl           : Api request: https://sandbox.platfr.io/api/gbs/banking/v4.0/accounts/14537780/balance
2023-11-13T14:20:20.026+01:00  INFO 1924 --- [main] c.m.f.b.BankAccountServiceTest           : Starting BankAccountServiceTest using Java 17.0.7 with PID 1924 (started by cesare.moiola in C:\fabrick-test)
2023-11-13T14:20:20.028+01:00 DEBUG 1924 --- [main] c.m.f.b.BankAccountServiceTest           : Running with Spring Boot v3.1.5, Spring v6.0.13
2023-11-13T14:20:20.031+01:00  INFO 1924 --- [main] c.m.f.b.BankAccountServiceTest           : No active profile set, falling back to 1 default profile: "default"
2023-11-13T14:20:20.655+01:00 ERROR 1924 --- [main] o.s.b.d.LoggingFailureAnalysisReporter   : 

***************************
APPLICATION FAILED TO START
***************************

Description:

Field restTemplate in com.moiola.fabricktest.bank_account.BankAccountServiceImpl required a bean of type 'org.springframework.web.client.RestTemplate' that could not be found.

The injection point has the following annotations:
	- @org.springframework.beans.factory.annotation.Autowired(required=true)


Action:

Consider defining a bean of type 'org.springframework.web.client.RestTemplate' in your configuration.

2023-11-13T14:20:20.672+01:00 ERROR 1924 --- [main] o.s.test.context.TestContextManager      : Caught exception while allowing TestExecutionListener [org.springframework.test.context.web.ServletTestExecutionListener] to prepare test instance [com.moiola.fabricktest.back_account.BankAccountServiceTest@61f2c3f0]

java.lang.IllegalStateException: Failed to load ApplicationContext for [WebMergedContextConfiguration@3c5a54b7 testClass = com.moiola.fabricktest.back_account.BankAccountServiceTest, locations = [], classes = [com.moiola.fabricktest.bank_account.BankAccountServiceImpl], contextInitializerClasses = [], activeProfiles = [], propertySourceLocations = [], propertySourceProperties = ["org.springframework.boot.test.context.SpringBootTestContextBootstrapper=true"], contextCustomizers = [org.springframework.boot.test.context.filter.ExcludeFilterContextCustomizer@8519cb4, org.springframework.boot.test.json.DuplicateJsonObjectContextCustomizerFactory$DuplicateJsonObjectContextCustomizer@5f049ea1, org.springframework.boot.test.mock.mockito.MockitoContextCustomizer@0, org.springframework.boot.test.web.client.TestRestTemplateContextCustomizer@5386659f, org.springframework.boot.test.web.reactive.server.WebTestClientContextCustomizer@5b247367, org.springframework.boot.test.autoconfigure.actuate.observability.ObservabilityContextCustomizerFactory$DisableObservabilityContextCustomizer@1f, org.springframework.boot.test.autoconfigure.properties.PropertyMappingContextCustomizer@0, org.springframework.boot.test.autoconfigure.web.servlet.WebDriverContextCustomizer@61c4eee0, org.springframework.boot.test.context.SpringBootTestAnnotation@3e42ad63], resourceBasePath = "src/main/webapp", contextLoader = org.springframework.boot.test.context.SpringBootContextLoader, parent = null]
	at org.springframework.test.context.cache.DefaultCacheAwareContextLoaderDelegate.loadContext(DefaultCacheAwareContextLoaderDelegate.java:143) ~[spring-test-6.0.13.jar:6.0.13]
	at org.springframework.test.context.support.DefaultTestContext.getApplicationContext(DefaultTestContext.java:127) ~[spring-test-6.0.13.jar:6.0.13]
	at org.springframework.test.context.web.ServletTestExecutionListener.setUpRequestContextIfNecessary(ServletTestExecutionListener.java:191) ~[spring-test-6.0.13.jar:6.0.13]
	at org.springframework.test.context.web.ServletTestExecutionListener.prepareTestInstance(ServletTestExecutionListener.java:130) ~[spring-test-6.0.13.jar:6.0.13]
	at org.springframework.test.context.TestContextManager.prepareTestInstance(TestContextManager.java:241) ~[spring-test-6.0.13.jar:6.0.13]
	at org.springframework.test.context.junit.jupiter.SpringExtension.postProcessTestInstance(SpringExtension.java:138) ~[spring-test-6.0.13.jar:6.0.13]
	at org.junit.jupiter.engine.descriptor.ClassBasedTestDescriptor.lambda$invokeTestInstancePostProcessors$10(ClassBasedTestDescriptor.java:377) ~[junit-jupiter-engine-5.9.3.jar:5.9.3]
	at org.junit.jupiter.engine.descriptor.ClassBasedTestDescriptor.executeAndMaskThrowable(ClassBasedTestDescriptor.java:382) ~[junit-jupiter-engine-5.9.3.jar:5.9.3]
	at org.junit.jupiter.engine.descriptor.ClassBasedTestDescriptor.lambda$invokeTestInstancePostProcessors$11(ClassBasedTestDescriptor.java:377) ~[junit-jupiter-engine-5.9.3.jar:5.9.3]
	at java.base/java.util.stream.ReferencePipeline$3$1.accept(ReferencePipeline.java:197) ~[na:na]
	at java.base/java.util.stream.ReferencePipeline$2$1.accept(ReferencePipeline.java:179) ~[na:na]
	at java.base/java.util.ArrayList$ArrayListSpliterator.forEachRemaining(ArrayList.java:1625) ~[na:na]
	at java.base/java.util.stream.AbstractPipeline.copyInto(AbstractPipeline.java:509) ~[na:na]
	at java.base/java.util.stream.AbstractPipeline.wrapAndCopyInto(AbstractPipeline.java:499) ~[na:na]
	at java.base/java.util.stream.StreamSpliterators$WrappingSpliterator.forEachRemaining(StreamSpliterators.java:310) ~[na:na]
	at java.base/java.util.stream.Streams$ConcatSpliterator.forEachRemaining(Streams.java:735) ~[na:na]
	at java.base/java.util.stream.Streams$ConcatSpliterator.forEachRemaining(Streams.java:734) ~[na:na]
	at java.base/java.util.stream.ReferencePipeline$Head.forEach(ReferencePipeline.java:762) ~[na:na]
	at org.junit.jupiter.engine.descriptor.ClassBasedTestDescriptor.invokeTestInstancePostProcessors(ClassBasedTestDescriptor.java:376) ~[junit-jupiter-engine-5.9.3.jar:5.9.3]
	at org.junit.jupiter.engine.descriptor.ClassBasedTestDescriptor.lambda$instantiateAndPostProcessTestInstance$6(ClassBasedTestDescriptor.java:289) ~[junit-jupiter-engine-5.9.3.jar:5.9.3]
	at org.junit.platform.engine.support.hierarchical.ThrowableCollector.execute(ThrowableCollector.java:73) ~[junit-platform-engine-1.9.3.jar:1.9.3]
	at org.junit.jupiter.engine.descriptor.ClassBasedTestDescriptor.instantiateAndPostProcessTestInstance(ClassBasedTestDescriptor.java:288) ~[junit-jupiter-engine-5.9.3.jar:5.9.3]
	at org.junit.jupiter.engine.descriptor.ClassBasedTestDescriptor.lambda$testInstancesProvider$4(ClassBasedTestDescriptor.java:278) ~[junit-jupiter-engine-5.9.3.jar:5.9.3]
	at java.base/java.util.Optional.orElseGet(Optional.java:364) ~[na:na]
	at org.junit.jupiter.engine.descriptor.ClassBasedTestDescriptor.lambda$testInstancesProvider$5(ClassBasedTestDescriptor.java:277) ~[junit-jupiter-engine-5.9.3.jar:5.9.3]
	at org.junit.jupiter.engine.execution.TestInstancesProvider.getTestInstances(TestInstancesProvider.java:31) ~[junit-jupiter-engine-5.9.3.jar:5.9.3]
	at org.junit.jupiter.engine.descriptor.TestMethodTestDescriptor.lambda$prepare$0(TestMethodTestDescriptor.java:105) ~[junit-jupiter-engine-5.9.3.jar:5.9.3]
	at org.junit.platform.engine.support.hierarchical.ThrowableCollector.execute(ThrowableCollector.java:73) ~[junit-platform-engine-1.9.3.jar:1.9.3]
	at org.junit.jupiter.engine.descriptor.TestMethodTestDescriptor.prepare(TestMethodTestDescriptor.java:104) ~[junit-jupiter-engine-5.9.3.jar:5.9.3]
	at org.junit.jupiter.engine.descriptor.TestMethodTestDescriptor.prepare(TestMethodTestDescriptor.java:68) ~[junit-jupiter-engine-5.9.3.jar:5.9.3]
	at org.junit.platform.engine.support.hierarchical.NodeTestTask.lambda$prepare$2(NodeTestTask.java:123) ~[junit-platform-engine-1.9.3.jar:1.9.3]
	at org.junit.platform.engine.support.hierarchical.ThrowableCollector.execute(ThrowableCollector.java:73) ~[junit-platform-engine-1.9.3.jar:1.9.3]
	at org.junit.platform.engine.support.hierarchical.NodeTestTask.prepare(NodeTestTask.java:123) ~[junit-platform-engine-1.9.3.jar:1.9.3]
	at org.junit.platform.engine.support.hierarchical.NodeTestTask.execute(NodeTestTask.java:90) ~[junit-platform-engine-1.9.3.jar:1.9.3]
	at java.base/java.util.ArrayList.forEach(ArrayList.java:1511) ~[na:na]
	at org.junit.platform.engine.support.hierarchical.SameThreadHierarchicalTestExecutorService.invokeAll(SameThreadHierarchicalTestExecutorService.java:41) ~[junit-platform-engine-1.9.3.jar:1.9.3]
	at org.junit.platform.engine.support.hierarchical.NodeTestTask.lambda$executeRecursively$6(NodeTestTask.java:155) ~[junit-platform-engine-1.9.3.jar:1.9.3]
	at org.junit.platform.engine.support.hierarchical.ThrowableCollector.execute(ThrowableCollector.java:73) ~[junit-platform-engine-1.9.3.jar:1.9.3]
	at org.junit.platform.engine.support.hierarchical.NodeTestTask.lambda$executeRecursively$8(NodeTestTask.java:141) ~[junit-platform-engine-1.9.3.jar:1.9.3]
	at org.junit.platform.engine.support.hierarchical.Node.around(Node.java:137) ~[junit-platform-engine-1.9.3.jar:1.9.3]
	at org.junit.platform.engine.support.hierarchical.NodeTestTask.lambda$executeRecursively$9(NodeTestTask.java:139) ~[junit-platform-engine-1.9.3.jar:1.9.3]
	at org.junit.platform.engine.support.hierarchical.ThrowableCollector.execute(ThrowableCollector.java:73) ~[junit-platform-engine-1.9.3.jar:1.9.3]
	at org.junit.platform.engine.support.hierarchical.NodeTestTask.executeRecursively(NodeTestTask.java:138) ~[junit-platform-engine-1.9.3.jar:1.9.3]
	at org.junit.platform.engine.support.hierarchical.NodeTestTask.execute(NodeTestTask.java:95) ~[junit-platform-engine-1.9.3.jar:1.9.3]
	at java.base/java.util.ArrayList.forEach(ArrayList.java:1511) ~[na:na]
	at org.junit.platform.engine.support.hierarchical.SameThreadHierarchicalTestExecutorService.invokeAll(SameThreadHierarchicalTestExecutorService.java:41) ~[junit-platform-engine-1.9.3.jar:1.9.3]
	at org.junit.platform.engine.support.hierarchical.NodeTestTask.lambda$executeRecursively$6(NodeTestTask.java:155) ~[junit-platform-engine-1.9.3.jar:1.9.3]
	at org.junit.platform.engine.support.hierarchical.ThrowableCollector.execute(ThrowableCollector.java:73) ~[junit-platform-engine-1.9.3.jar:1.9.3]
	at org.junit.platform.engine.support.hierarchical.NodeTestTask.lambda$executeRecursively$8(NodeTestTask.java:141) ~[junit-platform-engine-1.9.3.jar:1.9.3]
	at org.junit.platform.engine.support.hierarchical.Node.around(Node.java:137) ~[junit-platform-engine-1.9.3.jar:1.9.3]
	at org.junit.platform.engine.support.hierarchical.NodeTestTask.lambda$executeRecursively$9(NodeTestTask.java:139) ~[junit-platform-engine-1.9.3.jar:1.9.3]
	at org.junit.platform.engine.support.hierarchical.ThrowableCollector.execute(ThrowableCollector.java:73) ~[junit-platform-engine-1.9.3.jar:1.9.3]
	at org.junit.platform.engine.support.hierarchical.NodeTestTask.executeRecursively(NodeTestTask.java:138) ~[junit-platform-engine-1.9.3.jar:1.9.3]
	at org.junit.platform.engine.support.hierarchical.NodeTestTask.execute(NodeTestTask.java:95) ~[junit-platform-engine-1.9.3.jar:1.9.3]
	at org.junit.platform.engine.support.hierarchical.SameThreadHierarchicalTestExecutorService.submit(SameThreadHierarchicalTestExecutorService.java:35) ~[junit-platform-engine-1.9.3.jar:1.9.3]
	at org.junit.platform.engine.support.hierarchical.HierarchicalTestExecutor.execute(HierarchicalTestExecutor.java:57) ~[junit-platform-engine-1.9.3.jar:1.9.3]
	at org.junit.platform.engine.support.hierarchical.HierarchicalTestEngine.execute(HierarchicalTestEngine.java:54) ~[junit-platform-engine-1.9.3.jar:1.9.3]
	at org.junit.platform.launcher.core.EngineExecutionOrchestrator.execute(EngineExecutionOrchestrator.java:147) ~[junit-platform-launcher-1.9.3.jar:1.9.3]
	at org.junit.platform.launcher.core.EngineExecutionOrchestrator.execute(EngineExecutionOrchestrator.java:127) ~[junit-platform-launcher-1.9.3.jar:1.9.3]
	at org.junit.platform.launcher.core.EngineExecutionOrchestrator.execute(EngineExecutionOrchestrator.java:90) ~[junit-platform-launcher-1.9.3.jar:1.9.3]
	at org.junit.platform.launcher.core.EngineExecutionOrchestrator.lambda$execute$0(EngineExecutionOrchestrator.java:55) ~[junit-platform-launcher-1.9.3.jar:1.9.3]
	at org.junit.platform.launcher.core.EngineExecutionOrchestrator.withInterceptedStreams(EngineExecutionOrchestrator.java:102) ~[junit-platform-launcher-1.9.3.jar:1.9.3]
	at org.junit.platform.launcher.core.EngineExecutionOrchestrator.execute(EngineExecutionOrchestrator.java:54) ~[junit-platform-launcher-1.9.3.jar:1.9.3]
	at org.junit.platform.launcher.core.DefaultLauncher.execute(DefaultLauncher.java:114) ~[junit-platform-launcher-1.9.3.jar:1.9.3]
	at org.junit.platform.launcher.core.DefaultLauncher.execute(DefaultLauncher.java:86) ~[junit-platform-launcher-1.9.3.jar:1.9.3]
	at org.junit.platform.launcher.core.DefaultLauncherSession$DelegatingLauncher.execute(DefaultLauncherSession.java:86) ~[junit-platform-launcher-1.9.3.jar:1.9.3]
	at org.junit.platform.launcher.core.SessionPerRequestLauncher.execute(SessionPerRequestLauncher.java:53) ~[junit-platform-launcher-1.9.3.jar:1.9.3]
	at com.intellij.junit5.JUnit5IdeaTestRunner.startRunnerWithArgs(JUnit5IdeaTestRunner.java:71) ~[junit5-rt.jar:na]
	at com.intellij.rt.junit.IdeaTestRunner$Repeater.startRunnerWithArgs(IdeaTestRunner.java:33) ~[junit-rt.jar:na]
	at com.intellij.rt.junit.JUnitStarter.prepareStreamsAndStart(JUnitStarter.java:235) ~[junit-rt.jar:na]
	at com.intellij.rt.junit.JUnitStarter.main(JUnitStarter.java:54) ~[junit-rt.jar:na]
Caused by: org.springframework.beans.factory.UnsatisfiedDependencyException: Error creating bean with name 'bankAccountServiceImpl': Unsatisfied dependency expressed through field 'restTemplate': No qualifying bean of type 'org.springframework.web.client.RestTemplate' available: expected at least 1 bean which qualifies as autowire candidate. Dependency annotations: {@org.springframework.beans.factory.annotation.Autowired(required=true)}
	at org.springframework.beans.factory.annotation.AutowiredAnnotationBeanPostProcessor$AutowiredFieldElement.resolveFieldValue(AutowiredAnnotationBeanPostProcessor.java:767) ~[spring-beans-6.0.13.jar:6.0.13]
	at org.springframework.beans.factory.annotation.AutowiredAnnotationBeanPostProcessor$AutowiredFieldElement.inject(AutowiredAnnotationBeanPostProcessor.java:747) ~[spring-beans-6.0.13.jar:6.0.13]
	at org.springframework.beans.factory.annotation.InjectionMetadata.inject(InjectionMetadata.java:145) ~[spring-beans-6.0.13.jar:6.0.13]
	at org.springframework.beans.factory.annotation.AutowiredAnnotationBeanPostProcessor.postProcessProperties(AutowiredAnnotationBeanPostProcessor.java:492) ~[spring-beans-6.0.13.jar:6.0.13]
	at org.springframework.beans.factory.support.AbstractAutowireCapableBeanFactory.populateBean(AbstractAutowireCapableBeanFactory.java:1416) ~[spring-beans-6.0.13.jar:6.0.13]
	at org.springframework.beans.factory.support.AbstractAutowireCapableBeanFactory.doCreateBean(AbstractAutowireCapableBeanFactory.java:597) ~[spring-beans-6.0.13.jar:6.0.13]
	at org.springframework.beans.factory.support.AbstractAutowireCapableBeanFactory.createBean(AbstractAutowireCapableBeanFactory.java:520) ~[spring-beans-6.0.13.jar:6.0.13]
	at org.springframework.beans.factory.support.AbstractBeanFactory.lambda$doGetBean$0(AbstractBeanFactory.java:325) ~[spring-beans-6.0.13.jar:6.0.13]
	at org.springframework.beans.factory.support.DefaultSingletonBeanRegistry.getSingleton(DefaultSingletonBeanRegistry.java:234) ~[spring-beans-6.0.13.jar:6.0.13]
	at org.springframework.beans.factory.support.AbstractBeanFactory.doGetBean(AbstractBeanFactory.java:323) ~[spring-beans-6.0.13.jar:6.0.13]
	at org.springframework.beans.factory.support.AbstractBeanFactory.getBean(AbstractBeanFactory.java:199) ~[spring-beans-6.0.13.jar:6.0.13]
	at org.springframework.beans.factory.support.DefaultListableBeanFactory.preInstantiateSingletons(DefaultListableBeanFactory.java:973) ~[spring-beans-6.0.13.jar:6.0.13]
	at org.springframework.context.support.AbstractApplicationContext.finishBeanFactoryInitialization(AbstractApplicationContext.java:950) ~[spring-context-6.0.13.jar:6.0.13]
	at org.springframework.context.support.AbstractApplicationContext.refresh(AbstractApplicationContext.java:616) ~[spring-context-6.0.13.jar:6.0.13]
	at org.springframework.boot.SpringApplication.refresh(SpringApplication.java:738) ~[spring-boot-3.1.5.jar:3.1.5]
	at org.springframework.boot.SpringApplication.refreshContext(SpringApplication.java:440) ~[spring-boot-3.1.5.jar:3.1.5]
	at org.springframework.boot.SpringApplication.run(SpringApplication.java:316) ~[spring-boot-3.1.5.jar:3.1.5]
	at org.springframework.boot.test.context.SpringBootContextLoader.lambda$loadContext$3(SpringBootContextLoader.java:137) ~[spring-boot-test-3.1.5.jar:3.1.5]
	at org.springframework.util.function.ThrowingSupplier.get(ThrowingSupplier.java:58) ~[spring-core-6.0.13.jar:6.0.13]
	at org.springframework.util.function.ThrowingSupplier.get(ThrowingSupplier.java:46) ~[spring-core-6.0.13.jar:6.0.13]
	at org.springframework.boot.SpringApplication.withHook(SpringApplication.java:1406) ~[spring-boot-3.1.5.jar:3.1.5]
	at org.springframework.boot.test.context.SpringBootContextLoader$ContextLoaderHook.run(SpringBootContextLoader.java:545) ~[spring-boot-test-3.1.5.jar:3.1.5]
	at org.springframework.boot.test.context.SpringBootContextLoader.loadContext(SpringBootContextLoader.java:137) ~[spring-boot-test-3.1.5.jar:3.1.5]
	at org.springframework.boot.test.context.SpringBootContextLoader.loadContext(SpringBootContextLoader.java:108) ~[spring-boot-test-3.1.5.jar:3.1.5]
	at org.springframework.test.context.cache.DefaultCacheAwareContextLoaderDelegate.loadContextInternal(DefaultCacheAwareContextLoaderDelegate.java:187) ~[spring-test-6.0.13.jar:6.0.13]
	at org.springframework.test.context.cache.DefaultCacheAwareContextLoaderDelegate.loadContext(DefaultCacheAwareContextLoaderDelegate.java:119) ~[spring-test-6.0.13.jar:6.0.13]
	... 70 common frames omitted
Caused by: org.springframework.beans.factory.NoSuchBeanDefinitionException: No qualifying bean of type 'org.springframework.web.client.RestTemplate' available: expected at least 1 bean which qualifies as autowire candidate. Dependency annotations: {@org.springframework.beans.factory.annotation.Autowired(required=true)}
	at org.springframework.beans.factory.support.DefaultListableBeanFactory.raiseNoMatchingBeanFound(DefaultListableBeanFactory.java:1824) ~[spring-beans-6.0.13.jar:6.0.13]
	at org.springframework.beans.factory.support.DefaultListableBeanFactory.doResolveDependency(DefaultListableBeanFactory.java:1383) ~[spring-beans-6.0.13.jar:6.0.13]
	at org.springframework.beans.factory.support.DefaultListableBeanFactory.resolveDependency(DefaultListableBeanFactory.java:1337) ~[spring-beans-6.0.13.jar:6.0.13]
	at org.springframework.beans.factory.annotation.AutowiredAnnotationBeanPostProcessor$AutowiredFieldElement.resolveFieldValue(AutowiredAnnotationBeanPostProcessor.java:764) ~[spring-beans-6.0.13.jar:6.0.13]
	... 95 common frames omitted

2023-11-13T14:21:30.204+01:00  INFO 20132 --- [main] c.m.f.b.BankAccountServiceTest           : Starting BankAccountServiceTest using Java 17.0.7 with PID 20132 (started by cesare.moiola in C:\fabrick-test)
2023-11-13T14:21:30.207+01:00 DEBUG 20132 --- [main] c.m.f.b.BankAccountServiceTest           : Running with Spring Boot v3.1.5, Spring v6.0.13
2023-11-13T14:21:30.211+01:00  INFO 20132 --- [main] c.m.f.b.BankAccountServiceTest           : No active profile set, falling back to 1 default profile: "default"
2023-11-13T14:21:30.880+01:00 ERROR 20132 --- [main] o.s.b.d.LoggingFailureAnalysisReporter   : 

***************************
APPLICATION FAILED TO START
***************************

Description:

Field restTemplate in com.moiola.fabricktest.bank_account.BankAccountServiceImpl required a bean of type 'org.springframework.web.client.RestTemplate' that could not be found.

The injection point has the following annotations:
	- @org.springframework.beans.factory.annotation.Autowired(required=true)


Action:

Consider defining a bean of type 'org.springframework.web.client.RestTemplate' in your configuration.

2023-11-13T14:21:30.901+01:00 ERROR 20132 --- [main] o.s.test.context.TestContextManager      : Caught exception while allowing TestExecutionListener [org.springframework.test.context.web.ServletTestExecutionListener] to prepare test instance [com.moiola.fabricktest.back_account.BankAccountServiceTest@89c65d5]

java.lang.IllegalStateException: Failed to load ApplicationContext for [WebMergedContextConfiguration@433e536f testClass = com.moiola.fabricktest.back_account.BankAccountServiceTest, locations = [], classes = [com.moiola.fabricktest.bank_account.BankAccountServiceImpl], contextInitializerClasses = [], activeProfiles = [], propertySourceLocations = [], propertySourceProperties = ["org.springframework.boot.test.context.SpringBootTestContextBootstrapper=true"], contextCustomizers = [org.springframework.boot.test.context.filter.ExcludeFilterContextCustomizer@4a83a74a, org.springframework.boot.test.json.DuplicateJsonObjectContextCustomizerFactory$DuplicateJsonObjectContextCustomizer@d737b89, org.springframework.boot.test.mock.mockito.MockitoContextCustomizer@0, org.springframework.boot.test.web.client.TestRestTemplateContextCustomizer@4681c175, org.springframework.boot.test.web.reactive.server.WebTestClientContextCustomizer@14028087, org.springframework.boot.test.autoconfigure.actuate.observability.ObservabilityContextCustomizerFactory$DisableObservabilityContextCustomizer@1f, org.springframework.boot.test.autoconfigure.properties.PropertyMappingContextCustomizer@0, org.springframework.boot.test.autoconfigure.web.servlet.WebDriverContextCustomizer@514646ef, org.springframework.boot.test.context.SpringBootTestAnnotation@a1d2a984], resourceBasePath = "src/main/webapp", contextLoader = org.springframework.boot.test.context.SpringBootContextLoader, parent = null]
	at org.springframework.test.context.cache.DefaultCacheAwareContextLoaderDelegate.loadContext(DefaultCacheAwareContextLoaderDelegate.java:143) ~[spring-test-6.0.13.jar:6.0.13]
	at org.springframework.test.context.support.DefaultTestContext.getApplicationContext(DefaultTestContext.java:127) ~[spring-test-6.0.13.jar:6.0.13]
	at org.springframework.test.context.web.ServletTestExecutionListener.setUpRequestContextIfNecessary(ServletTestExecutionListener.java:191) ~[spring-test-6.0.13.jar:6.0.13]
	at org.springframework.test.context.web.ServletTestExecutionListener.prepareTestInstance(ServletTestExecutionListener.java:130) ~[spring-test-6.0.13.jar:6.0.13]
	at org.springframework.test.context.TestContextManager.prepareTestInstance(TestContextManager.java:241) ~[spring-test-6.0.13.jar:6.0.13]
	at org.springframework.test.context.junit.jupiter.SpringExtension.postProcessTestInstance(SpringExtension.java:138) ~[spring-test-6.0.13.jar:6.0.13]
	at org.junit.jupiter.engine.descriptor.ClassBasedTestDescriptor.lambda$invokeTestInstancePostProcessors$10(ClassBasedTestDescriptor.java:377) ~[junit-jupiter-engine-5.9.3.jar:5.9.3]
	at org.junit.jupiter.engine.descriptor.ClassBasedTestDescriptor.executeAndMaskThrowable(ClassBasedTestDescriptor.java:382) ~[junit-jupiter-engine-5.9.3.jar:5.9.3]
	at org.junit.jupiter.engine.descriptor.ClassBasedTestDescriptor.lambda$invokeTestInstancePostProcessors$11(ClassBasedTestDescriptor.java:377) ~[junit-jupiter-engine-5.9.3.jar:5.9.3]
	at java.base/java.util.stream.ReferencePipeline$3$1.accept(ReferencePipeline.java:197) ~[na:na]
	at java.base/java.util.stream.ReferencePipeline$2$1.accept(ReferencePipeline.java:179) ~[na:na]
	at java.base/java.util.ArrayList$ArrayListSpliterator.forEachRemaining(ArrayList.java:1625) ~[na:na]
	at java.base/java.util.stream.AbstractPipeline.copyInto(AbstractPipeline.java:509) ~[na:na]
	at java.base/java.util.stream.AbstractPipeline.wrapAndCopyInto(AbstractPipeline.java:499) ~[na:na]
	at java.base/java.util.stream.StreamSpliterators$WrappingSpliterator.forEachRemaining(StreamSpliterators.java:310) ~[na:na]
	at java.base/java.util.stream.Streams$ConcatSpliterator.forEachRemaining(Streams.java:735) ~[na:na]
	at java.base/java.util.stream.Streams$ConcatSpliterator.forEachRemaining(Streams.java:734) ~[na:na]
	at java.base/java.util.stream.ReferencePipeline$Head.forEach(ReferencePipeline.java:762) ~[na:na]
	at org.junit.jupiter.engine.descriptor.ClassBasedTestDescriptor.invokeTestInstancePostProcessors(ClassBasedTestDescriptor.java:376) ~[junit-jupiter-engine-5.9.3.jar:5.9.3]
	at org.junit.jupiter.engine.descriptor.ClassBasedTestDescriptor.lambda$instantiateAndPostProcessTestInstance$6(ClassBasedTestDescriptor.java:289) ~[junit-jupiter-engine-5.9.3.jar:5.9.3]
	at org.junit.platform.engine.support.hierarchical.ThrowableCollector.execute(ThrowableCollector.java:73) ~[junit-platform-engine-1.9.3.jar:1.9.3]
	at org.junit.jupiter.engine.descriptor.ClassBasedTestDescriptor.instantiateAndPostProcessTestInstance(ClassBasedTestDescriptor.java:288) ~[junit-jupiter-engine-5.9.3.jar:5.9.3]
	at org.junit.jupiter.engine.descriptor.ClassBasedTestDescriptor.lambda$testInstancesProvider$4(ClassBasedTestDescriptor.java:278) ~[junit-jupiter-engine-5.9.3.jar:5.9.3]
	at java.base/java.util.Optional.orElseGet(Optional.java:364) ~[na:na]
	at org.junit.jupiter.engine.descriptor.ClassBasedTestDescriptor.lambda$testInstancesProvider$5(ClassBasedTestDescriptor.java:277) ~[junit-jupiter-engine-5.9.3.jar:5.9.3]
	at org.junit.jupiter.engine.execution.TestInstancesProvider.getTestInstances(TestInstancesProvider.java:31) ~[junit-jupiter-engine-5.9.3.jar:5.9.3]
	at org.junit.jupiter.engine.descriptor.TestMethodTestDescriptor.lambda$prepare$0(TestMethodTestDescriptor.java:105) ~[junit-jupiter-engine-5.9.3.jar:5.9.3]
	at org.junit.platform.engine.support.hierarchical.ThrowableCollector.execute(ThrowableCollector.java:73) ~[junit-platform-engine-1.9.3.jar:1.9.3]
	at org.junit.jupiter.engine.descriptor.TestMethodTestDescriptor.prepare(TestMethodTestDescriptor.java:104) ~[junit-jupiter-engine-5.9.3.jar:5.9.3]
	at org.junit.jupiter.engine.descriptor.TestMethodTestDescriptor.prepare(TestMethodTestDescriptor.java:68) ~[junit-jupiter-engine-5.9.3.jar:5.9.3]
	at org.junit.platform.engine.support.hierarchical.NodeTestTask.lambda$prepare$2(NodeTestTask.java:123) ~[junit-platform-engine-1.9.3.jar:1.9.3]
	at org.junit.platform.engine.support.hierarchical.ThrowableCollector.execute(ThrowableCollector.java:73) ~[junit-platform-engine-1.9.3.jar:1.9.3]
	at org.junit.platform.engine.support.hierarchical.NodeTestTask.prepare(NodeTestTask.java:123) ~[junit-platform-engine-1.9.3.jar:1.9.3]
	at org.junit.platform.engine.support.hierarchical.NodeTestTask.execute(NodeTestTask.java:90) ~[junit-platform-engine-1.9.3.jar:1.9.3]
	at java.base/java.util.ArrayList.forEach(ArrayList.java:1511) ~[na:na]
	at org.junit.platform.engine.support.hierarchical.SameThreadHierarchicalTestExecutorService.invokeAll(SameThreadHierarchicalTestExecutorService.java:41) ~[junit-platform-engine-1.9.3.jar:1.9.3]
	at org.junit.platform.engine.support.hierarchical.NodeTestTask.lambda$executeRecursively$6(NodeTestTask.java:155) ~[junit-platform-engine-1.9.3.jar:1.9.3]
	at org.junit.platform.engine.support.hierarchical.ThrowableCollector.execute(ThrowableCollector.java:73) ~[junit-platform-engine-1.9.3.jar:1.9.3]
	at org.junit.platform.engine.support.hierarchical.NodeTestTask.lambda$executeRecursively$8(NodeTestTask.java:141) ~[junit-platform-engine-1.9.3.jar:1.9.3]
	at org.junit.platform.engine.support.hierarchical.Node.around(Node.java:137) ~[junit-platform-engine-1.9.3.jar:1.9.3]
	at org.junit.platform.engine.support.hierarchical.NodeTestTask.lambda$executeRecursively$9(NodeTestTask.java:139) ~[junit-platform-engine-1.9.3.jar:1.9.3]
	at org.junit.platform.engine.support.hierarchical.ThrowableCollector.execute(ThrowableCollector.java:73) ~[junit-platform-engine-1.9.3.jar:1.9.3]
	at org.junit.platform.engine.support.hierarchical.NodeTestTask.executeRecursively(NodeTestTask.java:138) ~[junit-platform-engine-1.9.3.jar:1.9.3]
	at org.junit.platform.engine.support.hierarchical.NodeTestTask.execute(NodeTestTask.java:95) ~[junit-platform-engine-1.9.3.jar:1.9.3]
	at java.base/java.util.ArrayList.forEach(ArrayList.java:1511) ~[na:na]
	at org.junit.platform.engine.support.hierarchical.SameThreadHierarchicalTestExecutorService.invokeAll(SameThreadHierarchicalTestExecutorService.java:41) ~[junit-platform-engine-1.9.3.jar:1.9.3]
	at org.junit.platform.engine.support.hierarchical.NodeTestTask.lambda$executeRecursively$6(NodeTestTask.java:155) ~[junit-platform-engine-1.9.3.jar:1.9.3]
	at org.junit.platform.engine.support.hierarchical.ThrowableCollector.execute(ThrowableCollector.java:73) ~[junit-platform-engine-1.9.3.jar:1.9.3]
	at org.junit.platform.engine.support.hierarchical.NodeTestTask.lambda$executeRecursively$8(NodeTestTask.java:141) ~[junit-platform-engine-1.9.3.jar:1.9.3]
	at org.junit.platform.engine.support.hierarchical.Node.around(Node.java:137) ~[junit-platform-engine-1.9.3.jar:1.9.3]
	at org.junit.platform.engine.support.hierarchical.NodeTestTask.lambda$executeRecursively$9(NodeTestTask.java:139) ~[junit-platform-engine-1.9.3.jar:1.9.3]
	at org.junit.platform.engine.support.hierarchical.ThrowableCollector.execute(ThrowableCollector.java:73) ~[junit-platform-engine-1.9.3.jar:1.9.3]
	at org.junit.platform.engine.support.hierarchical.NodeTestTask.executeRecursively(NodeTestTask.java:138) ~[junit-platform-engine-1.9.3.jar:1.9.3]
	at org.junit.platform.engine.support.hierarchical.NodeTestTask.execute(NodeTestTask.java:95) ~[junit-platform-engine-1.9.3.jar:1.9.3]
	at org.junit.platform.engine.support.hierarchical.SameThreadHierarchicalTestExecutorService.submit(SameThreadHierarchicalTestExecutorService.java:35) ~[junit-platform-engine-1.9.3.jar:1.9.3]
	at org.junit.platform.engine.support.hierarchical.HierarchicalTestExecutor.execute(HierarchicalTestExecutor.java:57) ~[junit-platform-engine-1.9.3.jar:1.9.3]
	at org.junit.platform.engine.support.hierarchical.HierarchicalTestEngine.execute(HierarchicalTestEngine.java:54) ~[junit-platform-engine-1.9.3.jar:1.9.3]
	at org.junit.platform.launcher.core.EngineExecutionOrchestrator.execute(EngineExecutionOrchestrator.java:147) ~[junit-platform-launcher-1.9.3.jar:1.9.3]
	at org.junit.platform.launcher.core.EngineExecutionOrchestrator.execute(EngineExecutionOrchestrator.java:127) ~[junit-platform-launcher-1.9.3.jar:1.9.3]
	at org.junit.platform.launcher.core.EngineExecutionOrchestrator.execute(EngineExecutionOrchestrator.java:90) ~[junit-platform-launcher-1.9.3.jar:1.9.3]
	at org.junit.platform.launcher.core.EngineExecutionOrchestrator.lambda$execute$0(EngineExecutionOrchestrator.java:55) ~[junit-platform-launcher-1.9.3.jar:1.9.3]
	at org.junit.platform.launcher.core.EngineExecutionOrchestrator.withInterceptedStreams(EngineExecutionOrchestrator.java:102) ~[junit-platform-launcher-1.9.3.jar:1.9.3]
	at org.junit.platform.launcher.core.EngineExecutionOrchestrator.execute(EngineExecutionOrchestrator.java:54) ~[junit-platform-launcher-1.9.3.jar:1.9.3]
	at org.junit.platform.launcher.core.DefaultLauncher.execute(DefaultLauncher.java:114) ~[junit-platform-launcher-1.9.3.jar:1.9.3]
	at org.junit.platform.launcher.core.DefaultLauncher.execute(DefaultLauncher.java:86) ~[junit-platform-launcher-1.9.3.jar:1.9.3]
	at org.junit.platform.launcher.core.DefaultLauncherSession$DelegatingLauncher.execute(DefaultLauncherSession.java:86) ~[junit-platform-launcher-1.9.3.jar:1.9.3]
	at org.junit.platform.launcher.core.SessionPerRequestLauncher.execute(SessionPerRequestLauncher.java:53) ~[junit-platform-launcher-1.9.3.jar:1.9.3]
	at com.intellij.junit5.JUnit5IdeaTestRunner.startRunnerWithArgs(JUnit5IdeaTestRunner.java:71) ~[junit5-rt.jar:na]
	at com.intellij.rt.junit.IdeaTestRunner$Repeater.startRunnerWithArgs(IdeaTestRunner.java:33) ~[junit-rt.jar:na]
	at com.intellij.rt.junit.JUnitStarter.prepareStreamsAndStart(JUnitStarter.java:235) ~[junit-rt.jar:na]
	at com.intellij.rt.junit.JUnitStarter.main(JUnitStarter.java:54) ~[junit-rt.jar:na]
Caused by: org.springframework.beans.factory.UnsatisfiedDependencyException: Error creating bean with name 'bankAccountServiceImpl': Unsatisfied dependency expressed through field 'restTemplate': No qualifying bean of type 'org.springframework.web.client.RestTemplate' available: expected at least 1 bean which qualifies as autowire candidate. Dependency annotations: {@org.springframework.beans.factory.annotation.Autowired(required=true)}
	at org.springframework.beans.factory.annotation.AutowiredAnnotationBeanPostProcessor$AutowiredFieldElement.resolveFieldValue(AutowiredAnnotationBeanPostProcessor.java:767) ~[spring-beans-6.0.13.jar:6.0.13]
	at org.springframework.beans.factory.annotation.AutowiredAnnotationBeanPostProcessor$AutowiredFieldElement.inject(AutowiredAnnotationBeanPostProcessor.java:747) ~[spring-beans-6.0.13.jar:6.0.13]
	at org.springframework.beans.factory.annotation.InjectionMetadata.inject(InjectionMetadata.java:145) ~[spring-beans-6.0.13.jar:6.0.13]
	at org.springframework.beans.factory.annotation.AutowiredAnnotationBeanPostProcessor.postProcessProperties(AutowiredAnnotationBeanPostProcessor.java:492) ~[spring-beans-6.0.13.jar:6.0.13]
	at org.springframework.beans.factory.support.AbstractAutowireCapableBeanFactory.populateBean(AbstractAutowireCapableBeanFactory.java:1416) ~[spring-beans-6.0.13.jar:6.0.13]
	at org.springframework.beans.factory.support.AbstractAutowireCapableBeanFactory.doCreateBean(AbstractAutowireCapableBeanFactory.java:597) ~[spring-beans-6.0.13.jar:6.0.13]
	at org.springframework.beans.factory.support.AbstractAutowireCapableBeanFactory.createBean(AbstractAutowireCapableBeanFactory.java:520) ~[spring-beans-6.0.13.jar:6.0.13]
	at org.springframework.beans.factory.support.AbstractBeanFactory.lambda$doGetBean$0(AbstractBeanFactory.java:325) ~[spring-beans-6.0.13.jar:6.0.13]
	at org.springframework.beans.factory.support.DefaultSingletonBeanRegistry.getSingleton(DefaultSingletonBeanRegistry.java:234) ~[spring-beans-6.0.13.jar:6.0.13]
	at org.springframework.beans.factory.support.AbstractBeanFactory.doGetBean(AbstractBeanFactory.java:323) ~[spring-beans-6.0.13.jar:6.0.13]
	at org.springframework.beans.factory.support.AbstractBeanFactory.getBean(AbstractBeanFactory.java:199) ~[spring-beans-6.0.13.jar:6.0.13]
	at org.springframework.beans.factory.support.DefaultListableBeanFactory.preInstantiateSingletons(DefaultListableBeanFactory.java:973) ~[spring-beans-6.0.13.jar:6.0.13]
	at org.springframework.context.support.AbstractApplicationContext.finishBeanFactoryInitialization(AbstractApplicationContext.java:950) ~[spring-context-6.0.13.jar:6.0.13]
	at org.springframework.context.support.AbstractApplicationContext.refresh(AbstractApplicationContext.java:616) ~[spring-context-6.0.13.jar:6.0.13]
	at org.springframework.boot.SpringApplication.refresh(SpringApplication.java:738) ~[spring-boot-3.1.5.jar:3.1.5]
	at org.springframework.boot.SpringApplication.refreshContext(SpringApplication.java:440) ~[spring-boot-3.1.5.jar:3.1.5]
	at org.springframework.boot.SpringApplication.run(SpringApplication.java:316) ~[spring-boot-3.1.5.jar:3.1.5]
	at org.springframework.boot.test.context.SpringBootContextLoader.lambda$loadContext$3(SpringBootContextLoader.java:137) ~[spring-boot-test-3.1.5.jar:3.1.5]
	at org.springframework.util.function.ThrowingSupplier.get(ThrowingSupplier.java:58) ~[spring-core-6.0.13.jar:6.0.13]
	at org.springframework.util.function.ThrowingSupplier.get(ThrowingSupplier.java:46) ~[spring-core-6.0.13.jar:6.0.13]
	at org.springframework.boot.SpringApplication.withHook(SpringApplication.java:1406) ~[spring-boot-3.1.5.jar:3.1.5]
	at org.springframework.boot.test.context.SpringBootContextLoader$ContextLoaderHook.run(SpringBootContextLoader.java:545) ~[spring-boot-test-3.1.5.jar:3.1.5]
	at org.springframework.boot.test.context.SpringBootContextLoader.loadContext(SpringBootContextLoader.java:137) ~[spring-boot-test-3.1.5.jar:3.1.5]
	at org.springframework.boot.test.context.SpringBootContextLoader.loadContext(SpringBootContextLoader.java:108) ~[spring-boot-test-3.1.5.jar:3.1.5]
	at org.springframework.test.context.cache.DefaultCacheAwareContextLoaderDelegate.loadContextInternal(DefaultCacheAwareContextLoaderDelegate.java:187) ~[spring-test-6.0.13.jar:6.0.13]
	at org.springframework.test.context.cache.DefaultCacheAwareContextLoaderDelegate.loadContext(DefaultCacheAwareContextLoaderDelegate.java:119) ~[spring-test-6.0.13.jar:6.0.13]
	... 70 common frames omitted
Caused by: org.springframework.beans.factory.NoSuchBeanDefinitionException: No qualifying bean of type 'org.springframework.web.client.RestTemplate' available: expected at least 1 bean which qualifies as autowire candidate. Dependency annotations: {@org.springframework.beans.factory.annotation.Autowired(required=true)}
	at org.springframework.beans.factory.support.DefaultListableBeanFactory.raiseNoMatchingBeanFound(DefaultListableBeanFactory.java:1824) ~[spring-beans-6.0.13.jar:6.0.13]
	at org.springframework.beans.factory.support.DefaultListableBeanFactory.doResolveDependency(DefaultListableBeanFactory.java:1383) ~[spring-beans-6.0.13.jar:6.0.13]
	at org.springframework.beans.factory.support.DefaultListableBeanFactory.resolveDependency(DefaultListableBeanFactory.java:1337) ~[spring-beans-6.0.13.jar:6.0.13]
	at org.springframework.beans.factory.annotation.AutowiredAnnotationBeanPostProcessor$AutowiredFieldElement.resolveFieldValue(AutowiredAnnotationBeanPostProcessor.java:764) ~[spring-beans-6.0.13.jar:6.0.13]
	... 95 common frames omitted

2023-11-13T14:22:47.950+01:00  INFO 19188 --- [main] c.m.f.b.BankAccountServiceTest           : Starting BankAccountServiceTest using Java 17.0.7 with PID 19188 (started by cesare.moiola in C:\fabrick-test)
2023-11-13T14:22:47.952+01:00 DEBUG 19188 --- [main] c.m.f.b.BankAccountServiceTest           : Running with Spring Boot v3.1.5, Spring v6.0.13
2023-11-13T14:22:47.955+01:00  INFO 19188 --- [main] c.m.f.b.BankAccountServiceTest           : No active profile set, falling back to 1 default profile: "default"
2023-11-13T14:22:48.379+01:00  INFO 19188 --- [main] c.m.f.b.BankAccountServiceTest           : Started BankAccountServiceTest in 1.286 seconds (process running for 3.939)
2023-11-13T14:22:51.206+01:00  INFO 19188 --- [main] c.m.f.b.BankAccountServiceImpl           : Get balance for account: 14537780
2023-11-13T14:22:51.207+01:00  INFO 19188 --- [main] c.m.f.b.BankAccountServiceImpl           : Api request: https://sandbox.platfr.io/api/gbs/banking/v4.0/accounts/14537780/balance
2023-11-13T14:23:56.215+01:00  INFO 13628 --- [main] c.m.f.b.BankAccountServiceTest           : Starting BankAccountServiceTest using Java 17.0.7 with PID 13628 (started by cesare.moiola in C:\fabrick-test)
2023-11-13T14:23:56.218+01:00 DEBUG 13628 --- [main] c.m.f.b.BankAccountServiceTest           : Running with Spring Boot v3.1.5, Spring v6.0.13
2023-11-13T14:23:56.220+01:00  INFO 13628 --- [main] c.m.f.b.BankAccountServiceTest           : No active profile set, falling back to 1 default profile: "default"
2023-11-13T14:23:56.658+01:00  INFO 13628 --- [main] c.m.f.b.BankAccountServiceTest           : Started BankAccountServiceTest in 1.297 seconds (process running for 3.954)
2023-11-13T14:23:59.442+01:00  INFO 13628 --- [main] c.m.f.b.BankAccountServiceImpl           : Get balance for account: 14537780
2023-11-13T14:23:59.443+01:00  INFO 13628 --- [main] c.m.f.b.BankAccountServiceImpl           : Api request: https://sandbox.platfr.io/api/gbs/banking/v4.0/accounts/14537780/balance
2023-11-13T19:50:52.927+01:00  INFO 1324 --- [main] c.m.f.b.BankAccountServiceTest           : Starting BankAccountServiceTest using Java 17.0.7 with PID 1324 (started by cesare.moiola in C:\fabrick-test)
2023-11-13T19:50:52.930+01:00 DEBUG 1324 --- [main] c.m.f.b.BankAccountServiceTest           : Running with Spring Boot v3.1.5, Spring v6.0.13
2023-11-13T19:50:52.932+01:00  INFO 1324 --- [main] c.m.f.b.BankAccountServiceTest           : No active profile set, falling back to 1 default profile: "default"
2023-11-13T19:50:53.596+01:00  INFO 1324 --- [main] c.m.f.b.BankAccountServiceTest           : Started BankAccountServiceTest in 1.771 seconds (process running for 5.398)
2023-11-13T19:50:57.436+01:00  INFO 1324 --- [main] c.m.f.b.BankAccountServiceImpl           : Get transactions for account: 14537780
2023-11-13T19:50:57.437+01:00  INFO 1324 --- [main] c.m.f.b.BankAccountServiceImpl           : Api request: https://sandbox.platfr.io/api/gbs/banking/v4.0/accounts/14537780/transactions?fromAccountingDate=2019-01-01&toAccountingDate=2019-12-01
2023-11-13T20:40:49.528+01:00  INFO 10444 --- [main] c.m.f.b.BankAccountServiceTest           : Starting BankAccountServiceTest using Java 17.0.7 with PID 10444 (started by cesare.moiola in C:\fabrick-test)
2023-11-13T20:40:49.530+01:00 DEBUG 10444 --- [main] c.m.f.b.BankAccountServiceTest           : Running with Spring Boot v3.1.5, Spring v6.0.13
2023-11-13T20:40:49.532+01:00  INFO 10444 --- [main] c.m.f.b.BankAccountServiceTest           : No active profile set, falling back to 1 default profile: "default"
2023-11-13T20:40:49.890+01:00  INFO 10444 --- [main] c.m.f.b.BankAccountServiceTest           : Started BankAccountServiceTest in 1.211 seconds (process running for 4.6)
2023-11-13T20:40:52.672+01:00  INFO 10444 --- [main] c.m.f.b.BankAccountServiceImpl           : Get balance for account: 14537780
2023-11-13T20:40:52.673+01:00  INFO 10444 --- [main] c.m.f.b.BankAccountServiceImpl           : Api request: https://sandbox.platfr.io/api/gbs/banking/v4.0/accounts/14537780/balance
2023-11-13T20:40:52.864+01:00  INFO 10444 --- [main] c.m.f.b.BankAccountServiceImpl           : Get transactions for account: 14537780
2023-11-13T20:40:52.865+01:00  INFO 10444 --- [main] c.m.f.b.BankAccountServiceImpl           : Api request: https://sandbox.platfr.io/api/gbs/banking/v4.0/accounts/14537780/transactions?fromAccountingDate=2019-01-01&toAccountingDate=2019-12-01
2023-11-13T20:41:27.086+01:00  INFO 18004 --- [main] c.m.f.b.BankAccountServiceTest           : Starting BankAccountServiceTest using Java 17.0.7 with PID 18004 (started by cesare.moiola in C:\fabrick-test)
2023-11-13T20:41:27.089+01:00 DEBUG 18004 --- [main] c.m.f.b.BankAccountServiceTest           : Running with Spring Boot v3.1.5, Spring v6.0.13
2023-11-13T20:41:27.091+01:00  INFO 18004 --- [main] c.m.f.b.BankAccountServiceTest           : No active profile set, falling back to 1 default profile: "default"
2023-11-13T20:41:27.508+01:00  INFO 18004 --- [main] c.m.f.b.BankAccountServiceTest           : Started BankAccountServiceTest in 1.195 seconds (process running for 3.918)
2023-11-13T20:41:30.524+01:00  INFO 18004 --- [main] c.m.f.b.BankAccountServiceImpl           : Get balance for account: 14537780
2023-11-13T20:41:30.525+01:00  INFO 18004 --- [main] c.m.f.b.BankAccountServiceImpl           : Api request: https://sandbox.platfr.io/api/gbs/banking/v4.0/accounts/14537780/balance
2023-11-13T20:41:30.630+01:00  INFO 18004 --- [main] c.m.f.b.BankAccountServiceImpl           : Make transaction from account: 14537780
2023-11-13T20:41:30.631+01:00 DEBUG 18004 --- [main] c.m.f.b.BankAccountServiceImpl           : Api request: https://sandbox.platfr.io/api/gbs/banking/v4.0/accounts/14537780/payments/money-transfers
2023-11-13T20:41:30.675+01:00  INFO 18004 --- [main] c.m.f.b.BankAccountServiceImpl           : Get transactions for account: 14537780
2023-11-13T20:41:30.675+01:00  INFO 18004 --- [main] c.m.f.b.BankAccountServiceImpl           : Api request: https://sandbox.platfr.io/api/gbs/banking/v4.0/accounts/14537780/transactions?fromAccountingDate=2019-01-01&toAccountingDate=2019-12-01
2023-11-13T20:54:14.735+01:00  INFO 5268 --- [main] c.m.fabricktest.FabrickTestApplication   : Starting FabrickTestApplication using Java 17.0.7 with PID 5268 (C:\fabrick-test\target\classes started by cesare.moiola in C:\fabrick-test)
2023-11-13T20:54:14.738+01:00 DEBUG 5268 --- [main] c.m.fabricktest.FabrickTestApplication   : Running with Spring Boot v3.1.5, Spring v6.0.13
2023-11-13T20:54:14.740+01:00  INFO 5268 --- [main] c.m.fabricktest.FabrickTestApplication   : No active profile set, falling back to 1 default profile: "default"
2023-11-13T20:54:17.938+01:00  INFO 5268 --- [main] o.apache.catalina.core.StandardService   : Starting service [Tomcat]
2023-11-13T20:54:17.939+01:00  INFO 5268 --- [main] o.apache.catalina.core.StandardEngine    : Starting Servlet engine: [Apache Tomcat/10.1.15]
2023-11-13T20:54:18.405+01:00  INFO 5268 --- [main] o.a.c.c.C.[Tomcat].[localhost].[/]       : Initializing Spring embedded WebApplicationContext
2023-11-13T20:54:19.610+01:00  INFO 5268 --- [main] c.m.fabricktest.FabrickTestApplication   : Started FabrickTestApplication in 6.349 seconds (process running for 7.475)
2023-11-13T20:54:50.742+01:00  INFO 5268 --- [http-nio-8080-exec-2] o.a.c.c.C.[Tomcat].[localhost].[/]       : Initializing Spring DispatcherServlet 'dispatcherServlet'
2023-11-13T20:54:50.906+01:00  INFO 5268 --- [http-nio-8080-exec-2] c.m.f.b.BankAccountController            : Transfer: {"creditor":{"name":"John Doe","account":{"accountCode":"IT23A0336844430152923804660","bicCode":"SELBIT2BXXX"},"address":{"address":null,"city":null,"countryCode":null}},"executionDate":"2019-04-01","uri":"REMITTANCE_INFORMATION","description":"Payment invoice 75/2017","amount":800,"currency":"EUR","isUrgent":false,"isInstant":false,"feeType":"SHA","feeAccountId":"45685475","taxRelief":{"taxReliefId":"L449","isCondoUpgrade":false,"creditorFiscalCode":"56258745832","beneficiaryType":"NATURAL_PERSON","naturalPersonBeneficiary":{"fiscalCode1":"MRLFNC81L04A859L","fiscalCode2":null,"fiscalCode3":null,"fiscalCode4":null,"fiscalCode5":null},"legalPersonBeneficiary":{"fiscalCode":null,"legalRepresentativeFiscalCode":null}}}
2023-11-13T20:54:50.920+01:00  INFO 5268 --- [http-nio-8080-exec-2] c.m.f.b.BankAccountServiceImpl           : Make transaction from account: 14537780
2023-11-13T20:54:50.921+01:00 DEBUG 5268 --- [http-nio-8080-exec-2] c.m.f.b.BankAccountServiceImpl           : Api request: https://sandbox.platfr.io/api/gbs/banking/v4.0/accounts/14537780/payments/money-transfers
2023-11-13T20:54:52.515+01:00 ERROR 5268 --- [http-nio-8080-exec-2] c.m.f.e.ControllerExceptionHandler       : 400 Bad Request: "{<EOL><EOL>  "status" : "KO",<EOL><EOL>  "errors" :  [<EOL><EOL>??{<EOL><EOL>???"code" : "API000",<EOL><EOL>???"description" : "it.sella.pagamenti.servizibonifico.exception.ServiziInvioBonificoSubsystemException: it.sella.pagamenti.sottosistemi.SottosistemiException: Errore tecnico CONTO 45685475:Conto 45685475 non esiste",<EOL><EOL>???"params" : ""<EOL><EOL>??}<EOL><EOL>?],<EOL><EOL>  "payload": {}<EOL><EOL>}"
2023-11-13T20:57:58.462+01:00  INFO 20664 --- [main] c.m.f.b.BankAccountControllerTest        : Starting BankAccountControllerTest using Java 17.0.7 with PID 20664 (started by cesare.moiola in C:\fabrick-test)
2023-11-13T20:57:58.465+01:00 DEBUG 20664 --- [main] c.m.f.b.BankAccountControllerTest        : Running with Spring Boot v3.1.5, Spring v6.0.13
2023-11-13T20:57:58.467+01:00  INFO 20664 --- [main] c.m.f.b.BankAccountControllerTest        : No active profile set, falling back to 1 default profile: "default"
2023-11-13T20:58:05.456+01:00  INFO 20664 --- [main] c.m.f.b.BankAccountControllerTest        : Started BankAccountControllerTest in 8.242 seconds (process running for 11.663)
2023-11-13T20:58:06.200+01:00  INFO 20664 --- [main] c.m.f.b.BankAccountController            : Transfer: {"key":"value"}
2023-11-13T20:58:47.808+01:00  INFO 5268 --- [http-nio-8080-exec-5] c.m.f.b.BankAccountController            : Transfer: {"creditor":{"name":"John Doe","account":{"accountCode":"IT23A0336844430152923804660","bicCode":"SELBIT2BXXX"},"address":{"address":null,"city":null,"countryCode":null}},"executionDate":"2019-04-01","uri":"REMITTANCE_INFORMATION","description":"Payment invoice 75/2017","amount":800,"currency":"EUR","isUrgent":false,"isInstant":false,"feeType":"SHA","feeAccountId":"45685475","taxRelief":{"taxReliefId":"L449","isCondoUpgrade":false,"creditorFiscalCode":"56258745832","beneficiaryType":"NATURAL_PERSON","naturalPersonBeneficiary":{"fiscalCode1":"MRLFNC81L04A859L","fiscalCode2":null,"fiscalCode3":null,"fiscalCode4":null,"fiscalCode5":null},"legalPersonBeneficiary":{"fiscalCode":null,"legalRepresentativeFiscalCode":null}}}
2023-11-13T20:58:47.812+01:00  INFO 5268 --- [http-nio-8080-exec-5] c.m.f.b.BankAccountServiceImpl           : Make transaction from account: 14537780
2023-11-13T20:58:47.813+01:00 DEBUG 5268 --- [http-nio-8080-exec-5] c.m.f.b.BankAccountServiceImpl           : Api request: https://sandbox.platfr.io/api/gbs/banking/v4.0/accounts/14537780/payments/money-transfers
2023-11-13T20:58:49.061+01:00 ERROR 5268 --- [http-nio-8080-exec-5] c.m.f.e.ControllerExceptionHandler       : 400 Bad Request: "{<EOL><EOL>  "status" : "KO",<EOL><EOL>  "errors" :  [<EOL><EOL>??{<EOL><EOL>???"code" : "API000",<EOL><EOL>???"description" : "it.sella.pagamenti.servizibonifico.exception.ServiziInvioBonificoSubsystemException: it.sella.pagamenti.sottosistemi.SottosistemiException: Errore tecnico CONTO 45685475:Conto 45685475 non esiste",<EOL><EOL>???"params" : ""<EOL><EOL>??}<EOL><EOL>?],<EOL><EOL>  "payload": {}<EOL><EOL>}"
2023-11-13T21:05:36.909+01:00  INFO 5812 --- [main] c.m.f.b.BankAccountControllerTest        : Starting BankAccountControllerTest using Java 17.0.7 with PID 5812 (started by cesare.moiola in C:\fabrick-test)
2023-11-13T21:05:36.911+01:00 DEBUG 5812 --- [main] c.m.f.b.BankAccountControllerTest        : Running with Spring Boot v3.1.5, Spring v6.0.13
2023-11-13T21:05:36.913+01:00  INFO 5812 --- [main] c.m.f.b.BankAccountControllerTest        : No active profile set, falling back to 1 default profile: "default"
2023-11-13T21:05:42.074+01:00  INFO 5812 --- [main] c.m.f.b.BankAccountControllerTest        : Started BankAccountControllerTest in 6.108 seconds (process running for 9.049)
2023-11-13T21:06:58.266+01:00  INFO 5296 --- [main] c.m.f.b.BankAccountControllerTest        : Starting BankAccountControllerTest using Java 17.0.7 with PID 5296 (started by cesare.moiola in C:\fabrick-test)
2023-11-13T21:06:58.268+01:00 DEBUG 5296 --- [main] c.m.f.b.BankAccountControllerTest        : Running with Spring Boot v3.1.5, Spring v6.0.13
2023-11-13T21:06:58.270+01:00  INFO 5296 --- [main] c.m.f.b.BankAccountControllerTest        : No active profile set, falling back to 1 default profile: "default"
2023-11-13T21:07:03.520+01:00  INFO 5296 --- [main] c.m.f.b.BankAccountControllerTest        : Started BankAccountControllerTest in 6.09 seconds (process running for 9.116)
2023-11-13T21:07:03.760+01:00 ERROR 5296 --- [main] c.m.f.e.ControllerExceptionHandler       : null
2023-11-13T21:09:44.115+01:00  INFO 19880 --- [main] c.m.f.b.BankAccountControllerTest        : Starting BankAccountControllerTest using Java 17.0.7 with PID 19880 (started by cesare.moiola in C:\fabrick-test)
2023-11-13T21:09:44.118+01:00 DEBUG 19880 --- [main] c.m.f.b.BankAccountControllerTest        : Running with Spring Boot v3.1.5, Spring v6.0.13
2023-11-13T21:09:44.120+01:00  INFO 19880 --- [main] c.m.f.b.BankAccountControllerTest        : No active profile set, falling back to 1 default profile: "default"
2023-11-13T21:09:51.231+01:00  INFO 19880 --- [main] c.m.f.b.BankAccountControllerTest        : Started BankAccountControllerTest in 8.234 seconds (process running for 11.677)
2023-11-13T21:09:51.671+01:00 ERROR 19880 --- [main] c.m.f.e.ControllerExceptionHandler       : null
2023-11-13T21:18:11.242+01:00  INFO 16632 --- [main] c.m.f.b.BankAccountControllerTest        : Starting BankAccountControllerTest using Java 17.0.7 with PID 16632 (started by cesare.moiola in C:\fabrick-test)
2023-11-13T21:18:11.243+01:00 DEBUG 16632 --- [main] c.m.f.b.BankAccountControllerTest        : Running with Spring Boot v3.1.5, Spring v6.0.13
2023-11-13T21:18:11.246+01:00  INFO 16632 --- [main] c.m.f.b.BankAccountControllerTest        : No active profile set, falling back to 1 default profile: "default"
2023-11-13T21:18:17.015+01:00  INFO 16632 --- [main] c.m.f.b.BankAccountControllerTest        : Started BankAccountControllerTest in 6.706 seconds (process running for 9.845)
2023-11-13T21:21:03.684+01:00  INFO 8272 --- [main] c.m.f.b.BankAccountControllerTest        : Starting BankAccountControllerTest using Java 17.0.7 with PID 8272 (started by cesare.moiola in C:\fabrick-test)
2023-11-13T21:21:03.686+01:00 DEBUG 8272 --- [main] c.m.f.b.BankAccountControllerTest        : Running with Spring Boot v3.1.5, Spring v6.0.13
2023-11-13T21:21:03.688+01:00  INFO 8272 --- [main] c.m.f.b.BankAccountControllerTest        : No active profile set, falling back to 1 default profile: "default"
2023-11-13T21:21:09.062+01:00  INFO 8272 --- [main] c.m.f.b.BankAccountControllerTest        : Started BankAccountControllerTest in 6.246 seconds (process running for 9.265)
2023-11-13T21:24:18.614+01:00  INFO 11000 --- [main] c.m.f.b.BankAccountControllerTest        : Starting BankAccountControllerTest using Java 17.0.7 with PID 11000 (started by cesare.moiola in C:\fabrick-test)
2023-11-13T21:24:18.616+01:00 DEBUG 11000 --- [main] c.m.f.b.BankAccountControllerTest        : Running with Spring Boot v3.1.5, Spring v6.0.13
2023-11-13T21:24:18.618+01:00  INFO 11000 --- [main] c.m.f.b.BankAccountControllerTest        : No active profile set, falling back to 1 default profile: "default"
2023-11-13T21:24:24.843+01:00  INFO 11000 --- [main] c.m.f.b.BankAccountControllerTest        : Started BankAccountControllerTest in 7.089 seconds (process running for 10.146)
2023-11-13T21:24:25.142+01:00 ERROR 11000 --- [main] c.m.f.e.ControllerExceptionHandler       : null
2023-11-13T21:27:59.031+01:00  INFO 15776 --- [main] c.m.f.b.BankAccountControllerTest        : Starting BankAccountControllerTest using Java 17.0.7 with PID 15776 (started by cesare.moiola in C:\fabrick-test)
2023-11-13T21:27:59.033+01:00 DEBUG 15776 --- [main] c.m.f.b.BankAccountControllerTest        : Running with Spring Boot v3.1.5, Spring v6.0.13
2023-11-13T21:27:59.035+01:00  INFO 15776 --- [main] c.m.f.b.BankAccountControllerTest        : No active profile set, falling back to 1 default profile: "default"
2023-11-13T21:28:05.938+01:00  INFO 15776 --- [main] c.m.f.b.BankAccountControllerTest        : Started BankAccountControllerTest in 7.887 seconds (process running for 11.524)
2023-11-13T21:28:07.218+01:00  INFO 15776 --- [main] c.m.f.b.BankAccountController            : Transfer: {"key":"value"}
2023-11-13T21:28:07.277+01:00 ERROR 15776 --- [main] c.m.f.e.ControllerExceptionHandler       : null
